<?xml version="1.0" encoding="utf-8" standalone="yes"?>
<CoverageSession xmlns:xsd="http://www.w3.org/2001/XMLSchema" xmlns:xsi="http://www.w3.org/2001/XMLSchema-instance">
  <Summary numSequencePoints="66" visitedSequencePoints="11" numBranchPoints="35" visitedBranchPoints="0" sequenceCoverage="16.67" branchCoverage="0" maxCyclomaticComplexity="11" minCyclomaticComplexity="1" visitedClasses="3" numClasses="20" visitedMethods="4" numMethods="33" minCrapScore="1" maxCrapScore="11" />
  <Modules>
    <Module hash="BF-2F-C8-84-E2-2A-66-9A-90-99-63-EC-37-47-00-AF-83-CB-F2-37">
      <Summary numSequencePoints="66" visitedSequencePoints="11" numBranchPoints="35" visitedBranchPoints="0" sequenceCoverage="16.67" branchCoverage="0" maxCyclomaticComplexity="11" minCyclomaticComplexity="1" visitedClasses="3" numClasses="20" visitedMethods="4" numMethods="33" minCrapScore="1" maxCrapScore="11" />
      <ModulePath>/Users/maxpaige/git/ExpectoJunitTestLogger/tests/ExpectoJunitTestLogger.Tests/bin/Debug/netcoreapp3.1/__Saved/ExpectoJunitTestLogger.dll</ModulePath>
      <ModuleTime>2020-12-31T16:22:37.2141482Z</ModuleTime>
      <ModuleName>ExpectoJunitTestLogger</ModuleName>
      <Files>
        <File uid="1" fullPath="/Users/maxpaige/git/ExpectoJunitTestLogger/src/ExpectoJunitTestLogger/JunitTestLogger.fs" />
        <File uid="2" fullPath="/Users/maxpaige/git/ExpectoJunitTestLogger/src/ExpectoJunitTestLogger/Library.fs" />
      </Files>
      <Classes>
        <Class>
          <Summary numSequencePoints="0" visitedSequencePoints="0" numBranchPoints="0" visitedBranchPoints="0" sequenceCoverage="0" branchCoverage="0" maxCyclomaticComplexity="0" minCyclomaticComplexity="0" visitedClasses="0" numClasses="0" visitedMethods="0" numMethods="0" minCrapScore="0" maxCrapScore="0" />
          <FullName>&lt;Module&gt;</FullName>
          <Methods />
        </Class>
        <Class>
          <Summary numSequencePoints="1" visitedSequencePoints="0" numBranchPoints="1" visitedBranchPoints="0" sequenceCoverage="0" branchCoverage="0" maxCyclomaticComplexity="1" minCyclomaticComplexity="1" visitedClasses="0" numClasses="1" visitedMethods="0" numMethods="1" minCrapScore="0" maxCrapScore="0" />
          <FullName>Expecto.Junit.TestLogger.Parameters</FullName>
          <Methods>
            <Method visited="false" cyclomaticComplexity="1" nPathComplexity="0" sequenceCoverage="0" branchCoverage="0" isConstructor="false" isStatic="true" isGetter="false" isSetter="false" crapScore="0">
              <Summary numSequencePoints="1" visitedSequencePoints="0" numBranchPoints="1" visitedBranchPoints="0" sequenceCoverage="0" branchCoverage="0" maxCyclomaticComplexity="1" minCyclomaticComplexity="1" visitedClasses="0" numClasses="0" visitedMethods="0" numMethods="1" minCrapScore="0" maxCrapScore="0" />
              <MetadataToken>100663308</MetadataToken>
              <Name>Expecto.Junit.TestLogger.Parameters Expecto.Junit.TestLogger.Parameters::Empty()</Name>
              <FileRef uid="1" />
              <SequencePoints>
                <SequencePoint vc="0" uspid="0" ordinal="0" offset="0" sl="22" sc="29" el="26" ec="6" bec="0" bev="0" fileid="1" />
              </SequencePoints>
              <BranchPoints />
              <MethodPoint xsi:type="SequencePoint" vc="0" uspid="0" ordinal="0" offset="0" sl="22" sc="29" el="26" ec="6" bec="0" bev="0" fileid="1" />
            </Method>
          </Methods>
        </Class>
        <Class>
          <Summary numSequencePoints="20" visitedSequencePoints="0" numBranchPoints="7" visitedBranchPoints="0" sequenceCoverage="0" branchCoverage="0" maxCyclomaticComplexity="1" minCyclomaticComplexity="1" visitedClasses="0" numClasses="1" visitedMethods="0" numMethods="7" minCrapScore="0" maxCrapScore="0" />
          <FullName>Expecto.Junit.TestLogger.JunitTestLogger</FullName>
          <Methods>
            <Method visited="false" cyclomaticComplexity="1" nPathComplexity="0" sequenceCoverage="0" branchCoverage="0" isConstructor="true" isStatic="false" isGetter="false" isSetter="false" crapScore="0">
              <Summary numSequencePoints="5" visitedSequencePoints="0" numBranchPoints="1" visitedBranchPoints="0" sequenceCoverage="0" branchCoverage="0" maxCyclomaticComplexity="1" minCyclomaticComplexity="1" visitedClasses="0" numClasses="0" visitedMethods="0" numMethods="1" minCrapScore="0" maxCrapScore="0" />
              <MetadataToken>100663311</MetadataToken>
              <Name>System.Void Expecto.Junit.TestLogger.JunitTestLogger::.ctor()</Name>
              <FileRef uid="1" />
              <SequencePoints>
                <SequencePoint vc="0" uspid="5" ordinal="0" offset="8" sl="113" sc="3" el="113" ec="49" bec="0" bev="0" fileid="1" />
                <SequencePoint vc="0" uspid="4" ordinal="1" offset="19" sl="119" sc="3" el="119" ec="73" bec="0" bev="0" fileid="1" />
                <SequencePoint vc="0" uspid="3" ordinal="2" offset="25" sl="125" sc="3" el="125" ec="29" bec="0" bev="0" fileid="1" />
                <SequencePoint vc="0" uspid="2" ordinal="3" offset="31" sl="129" sc="3" el="129" ec="47" bec="0" bev="0" fileid="1" />
                <SequencePoint vc="0" uspid="1" ordinal="4" offset="42" sl="111" sc="6" el="111" ec="21" bec="0" bev="0" fileid="1" />
              </SequencePoints>
              <BranchPoints />
              <MethodPoint xsi:type="SequencePoint" vc="0" uspid="5" ordinal="0" offset="8" sl="113" sc="3" el="113" ec="49" bec="0" bev="0" fileid="1" />
            </Method>
            <Method visited="false" cyclomaticComplexity="1" nPathComplexity="0" sequenceCoverage="0" branchCoverage="0" isConstructor="false" isStatic="false" isGetter="true" isSetter="false" crapScore="0">
              <Summary numSequencePoints="1" visitedSequencePoints="0" numBranchPoints="1" visitedBranchPoints="0" sequenceCoverage="0" branchCoverage="0" maxCyclomaticComplexity="1" minCyclomaticComplexity="1" visitedClasses="0" numClasses="0" visitedMethods="0" numMethods="1" minCrapScore="0" maxCrapScore="0" />
              <MetadataToken>100663312</MetadataToken>
              <Name>Expecto.Junit.TestLogger.Parameters Expecto.Junit.TestLogger.JunitTestLogger::get_Parameters()</Name>
              <FileRef uid="1" />
              <SequencePoints>
                <SequencePoint vc="0" uspid="6" ordinal="0" offset="0" sl="131" sc="13" el="131" ec="24" bec="0" bev="0" fileid="1" />
              </SequencePoints>
              <BranchPoints />
              <MethodPoint xsi:type="SequencePoint" vc="0" uspid="6" ordinal="0" offset="0" sl="131" sc="13" el="131" ec="24" bec="0" bev="0" fileid="1" />
            </Method>
            <Method visited="false" cyclomaticComplexity="1" nPathComplexity="0" sequenceCoverage="0" branchCoverage="0" isConstructor="false" isStatic="false" isGetter="false" isSetter="true" crapScore="0">
              <Summary numSequencePoints="1" visitedSequencePoints="0" numBranchPoints="1" visitedBranchPoints="0" sequenceCoverage="0" branchCoverage="0" maxCyclomaticComplexity="1" minCyclomaticComplexity="1" visitedClasses="0" numClasses="0" visitedMethods="0" numMethods="1" minCrapScore="0" maxCrapScore="0" />
              <MetadataToken>100663313</MetadataToken>
              <Name>System.Void Expecto.Junit.TestLogger.JunitTestLogger::set_Parameters(Expecto.Junit.TestLogger.Parameters)</Name>
              <FileRef uid="1" />
              <SequencePoints>
                <SequencePoint vc="0" uspid="7" ordinal="0" offset="0" sl="132" sc="22" el="132" ec="42" bec="0" bev="0" fileid="1" />
              </SequencePoints>
              <BranchPoints />
              <MethodPoint xsi:type="SequencePoint" vc="0" uspid="7" ordinal="0" offset="0" sl="132" sc="22" el="132" ec="42" bec="0" bev="0" fileid="1" />
            </Method>
            <Method visited="false" cyclomaticComplexity="1" nPathComplexity="0" sequenceCoverage="0" branchCoverage="0" isConstructor="false" isStatic="false" isGetter="false" isSetter="false" crapScore="0">
              <Summary numSequencePoints="3" visitedSequencePoints="0" numBranchPoints="1" visitedBranchPoints="0" sequenceCoverage="0" branchCoverage="0" maxCyclomaticComplexity="1" minCyclomaticComplexity="1" visitedClasses="0" numClasses="0" visitedMethods="0" numMethods="1" minCrapScore="0" maxCrapScore="0" />
              <MetadataToken>100663314</MetadataToken>
              <Name>System.Void Expecto.Junit.TestLogger.JunitTestLogger::TestRunCompleteHandler(Microsoft.VisualStudio.TestPlatform.ObjectModel.Client.TestRunCompleteEventArgs)</Name>
              <FileRef uid="1" />
              <SequencePoints>
                <SequencePoint vc="0" uspid="10" ordinal="0" offset="0" sl="135" sc="5" el="135" ec="74" bec="0" bev="0" fileid="1" />
                <SequencePoint vc="0" uspid="9" ordinal="1" offset="22" sl="136" sc="5" el="136" ec="47" bec="0" bev="0" fileid="1" />
                <SequencePoint vc="0" uspid="8" ordinal="2" offset="35" sl="137" sc="5" el="137" ec="7" bec="0" bev="0" fileid="1" />
              </SequencePoints>
              <BranchPoints />
              <MethodPoint xsi:type="SequencePoint" vc="0" uspid="10" ordinal="0" offset="0" sl="135" sc="5" el="135" ec="74" bec="0" bev="0" fileid="1" />
            </Method>
            <Method visited="false" cyclomaticComplexity="1" nPathComplexity="0" sequenceCoverage="0" branchCoverage="0" isConstructor="false" isStatic="false" isGetter="false" isSetter="false" crapScore="0">
              <Summary numSequencePoints="2" visitedSequencePoints="0" numBranchPoints="1" visitedBranchPoints="0" sequenceCoverage="0" branchCoverage="0" maxCyclomaticComplexity="1" minCyclomaticComplexity="1" visitedClasses="0" numClasses="0" visitedMethods="0" numMethods="1" minCrapScore="0" maxCrapScore="0" />
              <MetadataToken>100663315</MetadataToken>
              <Name>System.Void Expecto.Junit.TestLogger.JunitTestLogger::InitializeImpl(Microsoft.VisualStudio.TestPlatform.ObjectModel.Client.TestLoggerEvents,System.String)</Name>
              <FileRef uid="1" />
              <SequencePoints>
                <SequencePoint vc="0" uspid="12" ordinal="0" offset="0" sl="141" sc="5" el="141" ec="60" bec="0" bev="0" fileid="1" />
                <SequencePoint vc="0" uspid="11" ordinal="1" offset="38" sl="142" sc="5" el="142" ec="7" bec="0" bev="0" fileid="1" />
              </SequencePoints>
              <BranchPoints />
              <MethodPoint xsi:type="SequencePoint" vc="0" uspid="12" ordinal="0" offset="0" sl="141" sc="5" el="141" ec="60" bec="0" bev="0" fileid="1" />
            </Method>
            <Method visited="false" cyclomaticComplexity="1" nPathComplexity="0" sequenceCoverage="0" branchCoverage="0" isConstructor="false" isStatic="false" isGetter="false" isSetter="false" crapScore="0">
              <Summary numSequencePoints="4" visitedSequencePoints="0" numBranchPoints="1" visitedBranchPoints="0" sequenceCoverage="0" branchCoverage="0" maxCyclomaticComplexity="1" minCyclomaticComplexity="1" visitedClasses="0" numClasses="0" visitedMethods="0" numMethods="1" minCrapScore="0" maxCrapScore="0" />
              <MetadataToken>100663316</MetadataToken>
              <Name>System.Void Expecto.Junit.TestLogger.JunitTestLogger::Microsoft.VisualStudio.TestPlatform.ObjectModel.Client.ITestLogger.Initialize(Microsoft.VisualStudio.TestPlatform.ObjectModel.Client.TestLoggerEvents,System.String)</Name>
              <FileRef uid="1" />
              <SequencePoints>
                <SequencePoint vc="0" uspid="16" ordinal="0" offset="0" sl="152" sc="7" el="153" ec="61" bec="0" bev="0" fileid="1" />
                <SequencePoint vc="0" uspid="15" ordinal="1" offset="27" sl="154" sc="7" el="154" ec="87" bec="0" bev="0" fileid="1" />
                <SequencePoint vc="0" uspid="14" ordinal="2" offset="40" sl="155" sc="7" el="155" ec="111" bec="0" bev="0" fileid="1" />
                <SequencePoint vc="0" uspid="13" ordinal="3" offset="67" sl="156" sc="7" el="156" ec="9" bec="0" bev="0" fileid="1" />
              </SequencePoints>
              <BranchPoints />
              <MethodPoint xsi:type="SequencePoint" vc="0" uspid="16" ordinal="0" offset="0" sl="152" sc="7" el="153" ec="61" bec="0" bev="0" fileid="1" />
            </Method>
            <Method visited="false" cyclomaticComplexity="1" nPathComplexity="0" sequenceCoverage="0" branchCoverage="0" isConstructor="false" isStatic="false" isGetter="false" isSetter="false" crapScore="0">
              <Summary numSequencePoints="4" visitedSequencePoints="0" numBranchPoints="1" visitedBranchPoints="0" sequenceCoverage="0" branchCoverage="0" maxCyclomaticComplexity="1" minCyclomaticComplexity="1" visitedClasses="0" numClasses="0" visitedMethods="0" numMethods="1" minCrapScore="0" maxCrapScore="0" />
              <MetadataToken>100663317</MetadataToken>
              <Name>System.Void Expecto.Junit.TestLogger.JunitTestLogger::Microsoft.VisualStudio.TestPlatform.ObjectModel.Client.ITestLoggerWithParameters.Initialize(Microsoft.VisualStudio.TestPlatform.ObjectModel.Client.TestLoggerEvents,System.Collections.Generic.Dictionary`2&lt;System.String,System.String&gt;)</Name>
              <FileRef uid="1" />
              <SequencePoints>
                <SequencePoint vc="0" uspid="20" ordinal="0" offset="0" sl="164" sc="7" el="168" ec="21" bec="0" bev="0" fileid="1" />
                <SequencePoint vc="0" uspid="19" ordinal="1" offset="27" sl="170" sc="7" el="173" ec="8" bec="0" bev="0" fileid="1" />
                <SequencePoint vc="0" uspid="18" ordinal="2" offset="43" sl="174" sc="7" el="174" ec="77" bec="0" bev="0" fileid="1" />
                <SequencePoint vc="0" uspid="17" ordinal="3" offset="75" sl="175" sc="7" el="175" ec="9" bec="0" bev="0" fileid="1" />
              </SequencePoints>
              <BranchPoints />
              <MethodPoint xsi:type="SequencePoint" vc="0" uspid="20" ordinal="0" offset="0" sl="164" sc="7" el="168" ec="21" bec="0" bev="0" fileid="1" />
            </Method>
          </Methods>
        </Class>
        <Class>
          <Summary numSequencePoints="3" visitedSequencePoints="0" numBranchPoints="3" visitedBranchPoints="0" sequenceCoverage="0" branchCoverage="0" maxCyclomaticComplexity="1" minCyclomaticComplexity="1" visitedClasses="0" numClasses="1" visitedMethods="0" numMethods="3" minCrapScore="0" maxCrapScore="0" />
          <FullName>Expecto.Junit.TestLogger.Say</FullName>
          <Methods>
            <Method visited="false" cyclomaticComplexity="1" nPathComplexity="0" sequenceCoverage="0" branchCoverage="0" isConstructor="false" isStatic="true" isGetter="false" isSetter="false" crapScore="0">
              <Summary numSequencePoints="1" visitedSequencePoints="0" numBranchPoints="1" visitedBranchPoints="0" sequenceCoverage="0" branchCoverage="0" maxCyclomaticComplexity="1" minCyclomaticComplexity="1" visitedClasses="0" numClasses="0" visitedMethods="0" numMethods="1" minCrapScore="0" maxCrapScore="0" />
              <MetadataToken>100663318</MetadataToken>
              <Name>System.String Expecto.Junit.TestLogger.Say::helloPerson(Expecto.Junit.TestLogger.Say/Person)</Name>
              <FileRef uid="2" />
              <SequencePoints>
                <SequencePoint vc="0" uspid="21" ordinal="0" offset="0" sl="25" sc="9" el="26" ec="89" bec="0" bev="0" fileid="2" />
              </SequencePoints>
              <BranchPoints />
              <MethodPoint xsi:type="SequencePoint" vc="0" uspid="21" ordinal="0" offset="0" sl="25" sc="9" el="26" ec="89" bec="0" bev="0" fileid="2" />
            </Method>
            <Method visited="false" cyclomaticComplexity="1" nPathComplexity="0" sequenceCoverage="0" branchCoverage="0" isConstructor="false" isStatic="true" isGetter="false" isSetter="false" crapScore="0">
              <Summary numSequencePoints="1" visitedSequencePoints="0" numBranchPoints="1" visitedBranchPoints="0" sequenceCoverage="0" branchCoverage="0" maxCyclomaticComplexity="1" minCyclomaticComplexity="1" visitedClasses="0" numClasses="0" visitedMethods="0" numMethods="1" minCrapScore="0" maxCrapScore="0" />
              <MetadataToken>100663319</MetadataToken>
              <Name>System.Int32 Expecto.Junit.TestLogger.Say::add(System.Int32,System.Int32)</Name>
              <FileRef uid="2" />
              <SequencePoints>
                <SequencePoint vc="0" uspid="22" ordinal="0" offset="0" sl="50" sc="9" el="50" ec="14" bec="0" bev="0" fileid="2" />
              </SequencePoints>
              <BranchPoints />
              <MethodPoint xsi:type="SequencePoint" vc="0" uspid="22" ordinal="0" offset="0" sl="50" sc="9" el="50" ec="14" bec="0" bev="0" fileid="2" />
            </Method>
            <Method visited="false" cyclomaticComplexity="1" nPathComplexity="0" sequenceCoverage="0" branchCoverage="0" isConstructor="false" isStatic="true" isGetter="false" isSetter="false" crapScore="0">
              <Summary numSequencePoints="1" visitedSequencePoints="0" numBranchPoints="1" visitedBranchPoints="0" sequenceCoverage="0" branchCoverage="0" maxCyclomaticComplexity="1" minCyclomaticComplexity="1" visitedClasses="0" numClasses="0" visitedMethods="0" numMethods="1" minCrapScore="0" maxCrapScore="0" />
              <MetadataToken>100663320</MetadataToken>
              <Name>System.Void Expecto.Junit.TestLogger.Say::nothing(a)</Name>
              <FileRef uid="2" />
              <SequencePoints>
                <SequencePoint vc="0" uspid="23" ordinal="0" offset="0" sl="55" sc="9" el="55" ec="23" bec="0" bev="0" fileid="2" />
              </SequencePoints>
              <BranchPoints />
              <MethodPoint xsi:type="SequencePoint" vc="0" uspid="23" ordinal="0" offset="0" sl="55" sc="9" el="55" ec="23" bec="0" bev="0" fileid="2" />
            </Method>
          </Methods>
        </Class>
        <Class>
          <Summary numSequencePoints="0" visitedSequencePoints="0" numBranchPoints="0" visitedBranchPoints="0" sequenceCoverage="0" branchCoverage="0" maxCyclomaticComplexity="0" minCyclomaticComplexity="0" visitedClasses="0" numClasses="0" visitedMethods="0" numMethods="0" minCrapScore="0" maxCrapScore="0" />
          <FullName>Expecto.Junit.TestLogger.Say/FavoriteColor</FullName>
          <Methods />
        </Class>
        <Class>
          <Summary numSequencePoints="0" visitedSequencePoints="0" numBranchPoints="0" visitedBranchPoints="0" sequenceCoverage="0" branchCoverage="0" maxCyclomaticComplexity="0" minCyclomaticComplexity="0" visitedClasses="0" numClasses="0" visitedMethods="0" numMethods="0" minCrapScore="0" maxCrapScore="0" />
          <FullName>Expecto.Junit.TestLogger.Say/FavoriteColor/Tags</FullName>
          <Methods />
        </Class>
        <Class>
          <Summary numSequencePoints="0" visitedSequencePoints="0" numBranchPoints="0" visitedBranchPoints="0" sequenceCoverage="0" branchCoverage="0" maxCyclomaticComplexity="0" minCyclomaticComplexity="0" visitedClasses="0" numClasses="0" visitedMethods="0" numMethods="0" minCrapScore="0" maxCrapScore="0" />
          <FullName>Expecto.Junit.TestLogger.Say/Person</FullName>
          <Methods />
        </Class>
        <Class>
          <Summary numSequencePoints="1" visitedSequencePoints="0" numBranchPoints="1" visitedBranchPoints="0" sequenceCoverage="0" branchCoverage="0" maxCyclomaticComplexity="1" minCyclomaticComplexity="1" visitedClasses="0" numClasses="1" visitedMethods="0" numMethods="1" minCrapScore="0" maxCrapScore="0" />
          <FullName>Expecto.Junit.TestLogger.Say/helloPerson@25-3</FullName>
          <Methods>
            <Method visited="false" cyclomaticComplexity="1" nPathComplexity="0" sequenceCoverage="0" branchCoverage="0" isConstructor="false" isStatic="false" isGetter="false" isSetter="false" crapScore="0">
              <Summary numSequencePoints="1" visitedSequencePoints="0" numBranchPoints="1" visitedBranchPoints="0" sequenceCoverage="0" branchCoverage="0" maxCyclomaticComplexity="1" minCyclomaticComplexity="1" visitedClasses="0" numClasses="0" visitedMethods="0" numMethods="1" minCrapScore="0" maxCrapScore="0" />
              <MetadataToken>100663355</MetadataToken>
              <Name>System.String Expecto.Junit.TestLogger.Say/helloPerson@25-3::Invoke(Expecto.Junit.TestLogger.Say/FavoriteColor)</Name>
              <FileRef uid="2" />
              <SequencePoints>
                <SequencePoint vc="0" uspid="24" ordinal="0" offset="0" sl="25" sc="9" el="26" ec="89" bec="0" bev="0" fileid="2" />
              </SequencePoints>
              <BranchPoints />
              <MethodPoint xsi:type="SequencePoint" vc="0" uspid="24" ordinal="0" offset="0" sl="25" sc="9" el="26" ec="89" bec="0" bev="0" fileid="2" />
            </Method>
          </Methods>
        </Class>
        <Class>
          <Summary numSequencePoints="1" visitedSequencePoints="0" numBranchPoints="1" visitedBranchPoints="0" sequenceCoverage="0" branchCoverage="0" maxCyclomaticComplexity="1" minCyclomaticComplexity="1" visitedClasses="0" numClasses="1" visitedMethods="0" numMethods="1" minCrapScore="0" maxCrapScore="0" />
          <FullName>Expecto.Junit.TestLogger.Say/helloPerson@25-2</FullName>
          <Methods>
            <Method visited="false" cyclomaticComplexity="1" nPathComplexity="0" sequenceCoverage="0" branchCoverage="0" isConstructor="false" isStatic="false" isGetter="false" isSetter="false" crapScore="0">
              <Summary numSequencePoints="1" visitedSequencePoints="0" numBranchPoints="1" visitedBranchPoints="0" sequenceCoverage="0" branchCoverage="0" maxCyclomaticComplexity="1" minCyclomaticComplexity="1" visitedClasses="0" numClasses="0" visitedMethods="0" numMethods="1" minCrapScore="0" maxCrapScore="0" />
              <MetadataToken>100663357</MetadataToken>
              <Name>Microsoft.FSharp.Core.FSharpFunc`2&lt;Expecto.Junit.TestLogger.Say/FavoriteColor,System.String&gt; Expecto.Junit.TestLogger.Say/helloPerson@25-2::Invoke(System.Int32)</Name>
              <FileRef uid="2" />
              <SequencePoints>
                <SequencePoint vc="0" uspid="25" ordinal="0" offset="0" sl="25" sc="9" el="26" ec="89" bec="0" bev="0" fileid="2" />
              </SequencePoints>
              <BranchPoints />
              <MethodPoint xsi:type="SequencePoint" vc="0" uspid="25" ordinal="0" offset="0" sl="25" sc="9" el="26" ec="89" bec="0" bev="0" fileid="2" />
            </Method>
          </Methods>
        </Class>
        <Class>
          <Summary numSequencePoints="1" visitedSequencePoints="0" numBranchPoints="1" visitedBranchPoints="0" sequenceCoverage="0" branchCoverage="0" maxCyclomaticComplexity="1" minCyclomaticComplexity="1" visitedClasses="0" numClasses="1" visitedMethods="0" numMethods="1" minCrapScore="0" maxCrapScore="0" />
          <FullName>Expecto.Junit.TestLogger.Say/helloPerson@25-1</FullName>
          <Methods>
            <Method visited="false" cyclomaticComplexity="1" nPathComplexity="0" sequenceCoverage="0" branchCoverage="0" isConstructor="false" isStatic="false" isGetter="false" isSetter="false" crapScore="0">
              <Summary numSequencePoints="1" visitedSequencePoints="0" numBranchPoints="1" visitedBranchPoints="0" sequenceCoverage="0" branchCoverage="0" maxCyclomaticComplexity="1" minCyclomaticComplexity="1" visitedClasses="0" numClasses="0" visitedMethods="0" numMethods="1" minCrapScore="0" maxCrapScore="0" />
              <MetadataToken>100663359</MetadataToken>
              <Name>Microsoft.FSharp.Core.FSharpFunc`2&lt;System.Int32,Microsoft.FSharp.Core.FSharpFunc`2&lt;Expecto.Junit.TestLogger.Say/FavoriteColor,System.String&gt;&gt; Expecto.Junit.TestLogger.Say/helloPerson@25-1::Invoke(System.String)</Name>
              <FileRef uid="2" />
              <SequencePoints>
                <SequencePoint vc="0" uspid="26" ordinal="0" offset="0" sl="25" sc="9" el="26" ec="89" bec="0" bev="0" fileid="2" />
              </SequencePoints>
              <BranchPoints />
              <MethodPoint xsi:type="SequencePoint" vc="0" uspid="26" ordinal="0" offset="0" sl="25" sc="9" el="26" ec="89" bec="0" bev="0" fileid="2" />
            </Method>
          </Methods>
        </Class>
        <Class>
          <Summary numSequencePoints="1" visitedSequencePoints="0" numBranchPoints="1" visitedBranchPoints="0" sequenceCoverage="0" branchCoverage="0" maxCyclomaticComplexity="1" minCyclomaticComplexity="1" visitedClasses="0" numClasses="1" visitedMethods="0" numMethods="1" minCrapScore="0" maxCrapScore="0" />
          <FullName>Expecto.Junit.TestLogger.Say/helloPerson@25</FullName>
          <Methods>
            <Method visited="false" cyclomaticComplexity="1" nPathComplexity="0" sequenceCoverage="0" branchCoverage="0" isConstructor="false" isStatic="false" isGetter="false" isSetter="false" crapScore="0">
              <Summary numSequencePoints="1" visitedSequencePoints="0" numBranchPoints="1" visitedBranchPoints="0" sequenceCoverage="0" branchCoverage="0" maxCyclomaticComplexity="1" minCyclomaticComplexity="1" visitedClasses="0" numClasses="0" visitedMethods="0" numMethods="1" minCrapScore="0" maxCrapScore="0" />
              <MetadataToken>100663361</MetadataToken>
              <Name>Microsoft.FSharp.Core.FSharpFunc`2&lt;System.String,Microsoft.FSharp.Core.FSharpFunc`2&lt;System.Int32,Microsoft.FSharp.Core.FSharpFunc`2&lt;Expecto.Junit.TestLogger.Say/FavoriteColor,System.String&gt;&gt;&gt; Expecto.Junit.TestLogger.Say/helloPerson@25::Invoke(System.String)</Name>
              <FileRef uid="2" />
              <SequencePoints>
                <SequencePoint vc="0" uspid="27" ordinal="0" offset="0" sl="25" sc="9" el="26" ec="89" bec="0" bev="0" fileid="2" />
              </SequencePoints>
              <BranchPoints />
              <MethodPoint xsi:type="SequencePoint" vc="0" uspid="27" ordinal="0" offset="0" sl="25" sc="9" el="26" ec="89" bec="0" bev="0" fileid="2" />
            </Method>
          </Methods>
        </Class>
        <Class>
          <Summary numSequencePoints="0" visitedSequencePoints="0" numBranchPoints="0" visitedBranchPoints="0" sequenceCoverage="0" branchCoverage="0" maxCyclomaticComplexity="0" minCyclomaticComplexity="0" visitedClasses="0" numClasses="0" visitedMethods="0" numMethods="0" minCrapScore="0" maxCrapScore="0" />
          <FullName>&lt;StartupCode$ExpectoJunitTestLogger&gt;.$Library</FullName>
          <Methods />
        </Class>
        <Class>
          <Summary numSequencePoints="8" visitedSequencePoints="0" numBranchPoints="1" visitedBranchPoints="0" sequenceCoverage="0" branchCoverage="0" maxCyclomaticComplexity="3" minCyclomaticComplexity="1" visitedClasses="0" numClasses="1" visitedMethods="0" numMethods="1" minCrapScore="0" maxCrapScore="0" />
          <FullName>Expecto.Junit.TestLogger.XmlWriter</FullName>
          <Methods>
            <Method visited="false" cyclomaticComplexity="3" nPathComplexity="0" sequenceCoverage="0" branchCoverage="0" isConstructor="false" isStatic="true" isGetter="false" isSetter="false" crapScore="0">
              <Summary numSequencePoints="8" visitedSequencePoints="0" numBranchPoints="1" visitedBranchPoints="0" sequenceCoverage="0" branchCoverage="0" maxCyclomaticComplexity="3" minCyclomaticComplexity="3" visitedClasses="0" numClasses="0" visitedMethods="0" numMethods="1" minCrapScore="0" maxCrapScore="0" />
              <MetadataToken>100663362</MetadataToken>
              <Name>System.Void Expecto.Junit.TestLogger.XmlWriter::writeXmlFile(Expecto.Junit.TestLogger.Parameters,System.Xml.Linq.XDocument)</Name>
              <FileRef uid="1" />
              <SequencePoints>
                <SequencePoint vc="0" uspid="35" ordinal="0" offset="0" sl="99" sc="5" el="99" ec="45" bec="0" bev="0" fileid="1" />
                <SequencePoint vc="0" uspid="34" ordinal="1" offset="6" sl="100" sc="5" el="100" ec="58" bec="0" bev="0" fileid="1" />
                <SequencePoint vc="0" uspid="33" ordinal="2" offset="17" sl="101" sc="5" el="101" ec="34" bec="0" bev="0" fileid="1" />
                <SequencePoint vc="0" uspid="32" ordinal="3" offset="24" sl="104" sc="5" el="104" ec="54" bec="0" bev="0" fileid="1" />
                <SequencePoint vc="0" uspid="31" ordinal="4" offset="36" sl="105" sc="5" el="105" ec="56" bec="0" bev="0" fileid="1" />
                <SequencePoint vc="0" uspid="30" ordinal="5" offset="44" sl="106" sc="5" el="106" ec="21" bec="0" bev="0" fileid="1" />
                <SequencePoint vc="0" uspid="29" ordinal="6" offset="51" sl="108" sc="5" el="108" ec="137" bec="0" bev="0" fileid="1" />
                <SequencePoint vc="0" uspid="28" ordinal="7" offset="74" sl="109" sc="5" el="109" ec="64" bec="0" bev="0" fileid="1" />
              </SequencePoints>
              <BranchPoints />
              <MethodPoint xsi:type="SequencePoint" vc="0" uspid="35" ordinal="0" offset="0" sl="99" sc="5" el="99" ec="45" bec="0" bev="0" fileid="1" />
            </Method>
          </Methods>
        </Class>
        <Class>
          <Summary numSequencePoints="8" visitedSequencePoints="2" numBranchPoints="5" visitedBranchPoints="0" sequenceCoverage="25" branchCoverage="0" maxCyclomaticComplexity="1" minCyclomaticComplexity="1" visitedClasses="1" numClasses="1" visitedMethods="2" numMethods="5" minCrapScore="1" maxCrapScore="1" />
          <FullName>Expecto.Junit.TestLogger.XmlBuilder</FullName>
          <Methods>
            <Method visited="false" cyclomaticComplexity="1" nPathComplexity="0" sequenceCoverage="0" branchCoverage="0" isConstructor="false" isStatic="true" isGetter="false" isSetter="false" crapScore="0">
              <Summary numSequencePoints="1" visitedSequencePoints="0" numBranchPoints="1" visitedBranchPoints="0" sequenceCoverage="0" branchCoverage="0" maxCyclomaticComplexity="1" minCyclomaticComplexity="1" visitedClasses="0" numClasses="0" visitedMethods="0" numMethods="1" minCrapScore="0" maxCrapScore="0" />
              <MetadataToken>100663363</MetadataToken>
              <Name>System.Xml.Linq.XAttribute Expecto.Junit.TestLogger.XmlBuilder::xAttr(System.String,a)</Name>
              <FileRef uid="1" />
              <SequencePoints>
                <SequencePoint vc="0" uspid="36" ordinal="0" offset="0" sl="47" sc="40" el="47" ec="72" bec="0" bev="0" fileid="1" />
              </SequencePoints>
              <BranchPoints />
              <MethodPoint xsi:type="SequencePoint" vc="0" uspid="36" ordinal="0" offset="0" sl="47" sc="40" el="47" ec="72" bec="0" bev="0" fileid="1" />
            </Method>
            <Method visited="false" cyclomaticComplexity="1" nPathComplexity="0" sequenceCoverage="0" branchCoverage="0" isConstructor="false" isStatic="true" isGetter="false" isSetter="false" crapScore="0">
              <Summary numSequencePoints="1" visitedSequencePoints="0" numBranchPoints="1" visitedBranchPoints="0" sequenceCoverage="0" branchCoverage="0" maxCyclomaticComplexity="1" minCyclomaticComplexity="1" visitedClasses="0" numClasses="0" visitedMethods="0" numMethods="1" minCrapScore="0" maxCrapScore="0" />
              <MetadataToken>100663364</MetadataToken>
              <Name>System.Xml.Linq.XObject Expecto.Junit.TestLogger.XmlBuilder::xProperty(System.String,a)</Name>
              <FileRef uid="1" />
              <SequencePoints>
                <SequencePoint vc="0" uspid="37" ordinal="0" offset="0" sl="50" sc="5" el="53" ec="19" bec="0" bev="0" fileid="1" />
              </SequencePoints>
              <BranchPoints />
              <MethodPoint xsi:type="SequencePoint" vc="0" uspid="37" ordinal="0" offset="0" sl="50" sc="5" el="53" ec="19" bec="0" bev="0" fileid="1" />
            </Method>
            <Method visited="true" cyclomaticComplexity="1" nPathComplexity="0" sequenceCoverage="100" branchCoverage="0" isConstructor="false" isStatic="true" isGetter="false" isSetter="false" crapScore="1">
              <Summary numSequencePoints="1" visitedSequencePoints="1" numBranchPoints="1" visitedBranchPoints="0" sequenceCoverage="100" branchCoverage="0" maxCyclomaticComplexity="1" minCyclomaticComplexity="1" visitedClasses="0" numClasses="0" visitedMethods="1" numMethods="1" minCrapScore="1" maxCrapScore="1" />
              <MetadataToken>100663365</MetadataToken>
              <Name>System.Collections.Generic.IEnumerable`1&lt;System.Xml.Linq.XObject&gt; Expecto.Junit.TestLogger.XmlBuilder::writeParameterProperties(Microsoft.FSharp.Collections.FSharpMap`2&lt;System.String,System.String&gt;)</Name>
              <FileRef uid="1" />
              <SequencePoints>
                <SequencePoint vc="3" uspid="38" ordinal="0" offset="0" sl="58" sc="5" el="60" ec="45" bec="0" bev="0" fileid="1" />
              </SequencePoints>
              <BranchPoints />
              <MethodPoint xsi:type="SequencePoint" vc="3" uspid="38" ordinal="0" offset="0" sl="58" sc="5" el="60" ec="45" bec="0" bev="0" fileid="1" />
            </Method>
            <Method visited="true" cyclomaticComplexity="1" nPathComplexity="0" sequenceCoverage="100" branchCoverage="0" isConstructor="false" isStatic="true" isGetter="false" isSetter="false" crapScore="1">
              <Summary numSequencePoints="1" visitedSequencePoints="1" numBranchPoints="1" visitedBranchPoints="0" sequenceCoverage="100" branchCoverage="0" maxCyclomaticComplexity="1" minCyclomaticComplexity="1" visitedClasses="0" numClasses="0" visitedMethods="1" numMethods="1" minCrapScore="1" maxCrapScore="1" />
              <MetadataToken>100663366</MetadataToken>
              <Name>System.Xml.Linq.XElement Expecto.Junit.TestLogger.XmlBuilder::writeProperties(Microsoft.FSharp.Collections.FSharpMap`2&lt;System.String,System.String&gt;)</Name>
              <FileRef uid="1" />
              <SequencePoints>
                <SequencePoint vc="3" uspid="39" ordinal="0" offset="0" sl="63" sc="5" el="74" ec="6" bec="0" bev="0" fileid="1" />
              </SequencePoints>
              <BranchPoints />
              <MethodPoint xsi:type="SequencePoint" vc="3" uspid="39" ordinal="0" offset="0" sl="63" sc="5" el="74" ec="6" bec="0" bev="0" fileid="1" />
            </Method>
            <Method visited="false" cyclomaticComplexity="1" nPathComplexity="0" sequenceCoverage="0" branchCoverage="0" isConstructor="false" isStatic="true" isGetter="false" isSetter="false" crapScore="0">
              <Summary numSequencePoints="4" visitedSequencePoints="0" numBranchPoints="1" visitedBranchPoints="0" sequenceCoverage="0" branchCoverage="0" maxCyclomaticComplexity="1" minCyclomaticComplexity="1" visitedClasses="0" numClasses="0" visitedMethods="0" numMethods="1" minCrapScore="0" maxCrapScore="0" />
              <MetadataToken>100663367</MetadataToken>
              <Name>System.Xml.Linq.XDocument Expecto.Junit.TestLogger.XmlBuilder::buildDocument(Microsoft.FSharp.Collections.FSharpMap`2&lt;System.String,System.String&gt;,Microsoft.FSharp.Collections.FSharpList`1&lt;System.Xml.Linq.XElement&gt;)</Name>
              <FileRef uid="1" />
              <SequencePoints>
                <SequencePoint vc="0" uspid="43" ordinal="0" offset="0" sl="77" sc="5" el="77" ec="42" bec="0" bev="0" fileid="1" />
                <SequencePoint vc="0" uspid="42" ordinal="1" offset="7" sl="78" sc="5" el="86" ec="8" bec="0" bev="0" fileid="1" />
                <SequencePoint vc="0" uspid="41" ordinal="2" offset="63" sl="87" sc="5" el="87" ec="41" bec="0" bev="0" fileid="1" />
                <SequencePoint vc="0" uspid="40" ordinal="3" offset="83" sl="88" sc="5" el="88" ec="8" bec="0" bev="0" fileid="1" />
              </SequencePoints>
              <BranchPoints />
              <MethodPoint xsi:type="SequencePoint" vc="0" uspid="43" ordinal="0" offset="0" sl="77" sc="5" el="77" ec="42" bec="0" bev="0" fileid="1" />
            </Method>
          </Methods>
        </Class>
        <Class>
          <Summary numSequencePoints="1" visitedSequencePoints="1" numBranchPoints="1" visitedBranchPoints="0" sequenceCoverage="100" branchCoverage="0" maxCyclomaticComplexity="1" minCyclomaticComplexity="1" visitedClasses="1" numClasses="1" visitedMethods="1" numMethods="1" minCrapScore="1" maxCrapScore="1" />
          <FullName>Expecto.Junit.TestLogger.XmlBuilder/writeParameterProperties@60</FullName>
          <Methods>
            <Method visited="true" cyclomaticComplexity="1" nPathComplexity="0" sequenceCoverage="100" branchCoverage="0" isConstructor="false" isStatic="false" isGetter="false" isSetter="false" crapScore="1">
              <Summary numSequencePoints="1" visitedSequencePoints="1" numBranchPoints="1" visitedBranchPoints="0" sequenceCoverage="100" branchCoverage="0" maxCyclomaticComplexity="1" minCyclomaticComplexity="1" visitedClasses="0" numClasses="0" visitedMethods="1" numMethods="1" minCrapScore="1" maxCrapScore="1" />
              <MetadataToken>100663369</MetadataToken>
              <Name>System.Xml.Linq.XObject Expecto.Junit.TestLogger.XmlBuilder/writeParameterProperties@60::Invoke(System.Tuple`2&lt;System.String,System.String&gt;)</Name>
              <FileRef uid="1" />
              <SequencePoints>
                <SequencePoint vc="3" uspid="44" ordinal="0" offset="14" sl="60" sc="31" el="60" ec="44" bec="0" bev="0" fileid="1" />
              </SequencePoints>
              <BranchPoints />
              <MethodPoint xsi:type="SequencePoint" vc="3" uspid="44" ordinal="0" offset="14" sl="60" sc="31" el="60" ec="44" bec="0" bev="0" fileid="1" />
            </Method>
          </Methods>
        </Class>
        <Class>
          <Summary numSequencePoints="8" visitedSequencePoints="8" numBranchPoints="1" visitedBranchPoints="0" sequenceCoverage="100" branchCoverage="0" maxCyclomaticComplexity="11" minCyclomaticComplexity="1" visitedClasses="1" numClasses="1" visitedMethods="1" numMethods="1" minCrapScore="11" maxCrapScore="11" />
          <FullName>Expecto.Junit.TestLogger.XmlBuilder/writeProperties@65</FullName>
          <Methods>
            <Method visited="false" cyclomaticComplexity="1" nPathComplexity="0" sequenceCoverage="0" branchCoverage="0" isConstructor="true" isStatic="false" isGetter="false" isSetter="false" crapScore="0">
              <Summary numSequencePoints="0" visitedSequencePoints="0" numBranchPoints="0" visitedBranchPoints="0" sequenceCoverage="0" branchCoverage="0" maxCyclomaticComplexity="1" minCyclomaticComplexity="1" visitedClasses="0" numClasses="0" visitedMethods="0" numMethods="0" minCrapScore="0" maxCrapScore="0" />
              <MetadataToken>100663370</MetadataToken>
              <Name>System.Void Expecto.Junit.TestLogger.XmlBuilder/writeProperties@65::.ctor(Microsoft.FSharp.Collections.FSharpMap`2&lt;System.String,System.String&gt;,System.Int32,System.Xml.Linq.XObject)</Name>
              <SequencePoints />
              <BranchPoints />
              <MethodPoint vc="6" uspid="100663370" ordinal="0" offset="0" />
            </Method>
            <Method visited="true" cyclomaticComplexity="11" nPathComplexity="0" sequenceCoverage="100" branchCoverage="0" isConstructor="false" isStatic="false" isGetter="false" isSetter="false" crapScore="11">
              <Summary numSequencePoints="8" visitedSequencePoints="8" numBranchPoints="1" visitedBranchPoints="0" sequenceCoverage="100" branchCoverage="0" maxCyclomaticComplexity="11" minCyclomaticComplexity="11" visitedClasses="0" numClasses="0" visitedMethods="1" numMethods="1" minCrapScore="11" maxCrapScore="11" />
              <MetadataToken>100663371</MetadataToken>
              <Name>System.Int32 Expecto.Junit.TestLogger.XmlBuilder/writeProperties@65::GenerateNext(System.Collections.Generic.IEnumerable`1&lt;System.Xml.Linq.XObject&gt;&amp;)</Name>
              <FileRef uid="1" />
              <SequencePoints>
                <SequencePoint vc="3" uspid="52" ordinal="0" offset="131" sl="65" sc="9" el="72" ec="45" bec="0" bev="0" fileid="1" />
                <SequencePoint vc="3" uspid="51" ordinal="1" offset="237" sl="65" sc="9" el="72" ec="45" bec="0" bev="0" fileid="1" />
                <SequencePoint vc="3" uspid="50" ordinal="2" offset="356" sl="65" sc="9" el="72" ec="45" bec="0" bev="0" fileid="1" />
                <SequencePoint vc="3" uspid="49" ordinal="3" offset="480" sl="65" sc="9" el="72" ec="45" bec="0" bev="0" fileid="1" />
                <SequencePoint vc="3" uspid="48" ordinal="4" offset="594" sl="65" sc="9" el="72" ec="45" bec="0" bev="0" fileid="1" />
                <SequencePoint vc="3" uspid="47" ordinal="5" offset="708" sl="65" sc="9" el="72" ec="45" bec="0" bev="0" fileid="1" />
                <SequencePoint vc="3" uspid="46" ordinal="6" offset="822" sl="65" sc="9" el="72" ec="45" bec="0" bev="0" fileid="1" />
                <SequencePoint vc="3" uspid="45" ordinal="7" offset="936" sl="72" sc="16" el="72" ec="45" bec="0" bev="0" fileid="1" />
              </SequencePoints>
              <BranchPoints />
              <MethodPoint xsi:type="SequencePoint" vc="3" uspid="52" ordinal="0" offset="131" sl="65" sc="9" el="72" ec="45" bec="0" bev="0" fileid="1" />
            </Method>
            <Method visited="false" cyclomaticComplexity="1" nPathComplexity="0" sequenceCoverage="0" branchCoverage="0" isConstructor="false" isStatic="false" isGetter="false" isSetter="false" crapScore="0">
              <Summary numSequencePoints="0" visitedSequencePoints="0" numBranchPoints="0" visitedBranchPoints="0" sequenceCoverage="0" branchCoverage="0" maxCyclomaticComplexity="1" minCyclomaticComplexity="1" visitedClasses="0" numClasses="0" visitedMethods="0" numMethods="0" minCrapScore="0" maxCrapScore="0" />
              <MetadataToken>100663372</MetadataToken>
              <Name>System.Void Expecto.Junit.TestLogger.XmlBuilder/writeProperties@65::Close()</Name>
              <SequencePoints />
              <BranchPoints />
              <MethodPoint vc="3" uspid="100663372" ordinal="0" offset="0" />
            </Method>
            <Method visited="false" cyclomaticComplexity="12" nPathComplexity="0" sequenceCoverage="0" branchCoverage="0" isConstructor="false" isStatic="false" isGetter="false" isSetter="false" crapScore="0">
              <Summary numSequencePoints="0" visitedSequencePoints="0" numBranchPoints="0" visitedBranchPoints="0" sequenceCoverage="0" branchCoverage="0" maxCyclomaticComplexity="12" minCyclomaticComplexity="12" visitedClasses="0" numClasses="0" visitedMethods="0" numMethods="0" minCrapScore="0" maxCrapScore="0" />
              <MetadataToken>100663373</MetadataToken>
              <Name>System.Boolean Expecto.Junit.TestLogger.XmlBuilder/writeProperties@65::get_CheckClose()</Name>
              <SequencePoints />
              <BranchPoints />
              <MethodPoint vc="0" uspid="100663373" ordinal="0" offset="0" />
            </Method>
          </Methods>
        </Class>
        <Class>
          <Summary numSequencePoints="5" visitedSequencePoints="0" numBranchPoints="4" visitedBranchPoints="0" sequenceCoverage="0" branchCoverage="0" maxCyclomaticComplexity="2" minCyclomaticComplexity="1" visitedClasses="0" numClasses="1" visitedMethods="0" numMethods="2" minCrapScore="0" maxCrapScore="0" />
          <FullName>Expecto.Junit.TestLogger.ParametersModule</FullName>
          <Methods>
            <Method visited="false" cyclomaticComplexity="2" nPathComplexity="2" sequenceCoverage="0" branchCoverage="0" isConstructor="false" isStatic="true" isGetter="false" isSetter="false" crapScore="0">
              <Summary numSequencePoints="3" visitedSequencePoints="0" numBranchPoints="3" visitedBranchPoints="0" sequenceCoverage="0" branchCoverage="0" maxCyclomaticComplexity="2" minCyclomaticComplexity="2" visitedClasses="0" numClasses="0" visitedMethods="0" numMethods="1" minCrapScore="0" maxCrapScore="0" />
              <MetadataToken>100663376</MetadataToken>
              <Name>Microsoft.FSharp.Core.FSharpOption`1&lt;System.String&gt; Expecto.Junit.TestLogger.ParametersModule::tryGetValue(System.String,Microsoft.FSharp.Collections.FSharpMap`2&lt;System.String,System.String&gt;)</Name>
              <FileRef uid="1" />
              <SequencePoints>
                <SequencePoint vc="0" uspid="55" ordinal="0" offset="0" sl="31" sc="5" el="31" ec="56" bec="2" bev="0" fileid="1" />
                <SequencePoint vc="0" uspid="54" ordinal="1" offset="40" sl="32" sc="22" el="32" ec="32" bec="0" bev="0" fileid="1" />
                <SequencePoint vc="0" uspid="53" ordinal="2" offset="47" sl="33" sc="19" el="33" ec="23" bec="0" bev="0" fileid="1" />
              </SequencePoints>
              <BranchPoints>
                <BranchPoint vc="0" uspid="0" ordinal="0" offset="27" sl="31" path="0" offsetchain="29" offsetend="33" fileid="1" />
                <BranchPoint vc="0" uspid="1" ordinal="1" offset="27" sl="31" path="1" offsetchain="31" offsetend="47" fileid="1" />
              </BranchPoints>
              <MethodPoint xsi:type="SequencePoint" vc="0" uspid="55" ordinal="0" offset="0" sl="31" sc="5" el="31" ec="56" bec="2" bev="0" fileid="1" />
            </Method>
            <Method visited="false" cyclomaticComplexity="1" nPathComplexity="0" sequenceCoverage="0" branchCoverage="0" isConstructor="false" isStatic="true" isGetter="false" isSetter="false" crapScore="0">
              <Summary numSequencePoints="2" visitedSequencePoints="0" numBranchPoints="1" visitedBranchPoints="0" sequenceCoverage="0" branchCoverage="0" maxCyclomaticComplexity="1" minCyclomaticComplexity="1" visitedClasses="0" numClasses="0" visitedMethods="0" numMethods="1" minCrapScore="0" maxCrapScore="0" />
              <MetadataToken>100663377</MetadataToken>
              <Name>Expecto.Junit.TestLogger.Parameters Expecto.Junit.TestLogger.ParametersModule::parseParameters(Expecto.Junit.TestLogger.Parameters)</Name>
              <FileRef uid="1" />
              <SequencePoints>
                <SequencePoint vc="0" uspid="57" ordinal="0" offset="7" sl="37" sc="5" el="37" ec="52" bec="0" bev="0" fileid="1" />
                <SequencePoint vc="0" uspid="56" ordinal="1" offset="19" sl="39" sc="5" el="41" ec="6" bec="0" bev="0" fileid="1" />
              </SequencePoints>
              <BranchPoints />
              <MethodPoint xsi:type="SequencePoint" vc="0" uspid="57" ordinal="0" offset="7" sl="37" sc="5" el="37" ec="52" bec="0" bev="0" fileid="1" />
            </Method>
          </Methods>
        </Class>
        <Class>
          <Summary numSequencePoints="1" visitedSequencePoints="0" numBranchPoints="1" visitedBranchPoints="0" sequenceCoverage="0" branchCoverage="0" maxCyclomaticComplexity="1" minCyclomaticComplexity="1" visitedClasses="0" numClasses="1" visitedMethods="0" numMethods="1" minCrapScore="0" maxCrapScore="0" />
          <FullName>Expecto.Junit.TestLogger.ParametersModule/tryGet@36</FullName>
          <Methods>
            <Method visited="false" cyclomaticComplexity="1" nPathComplexity="0" sequenceCoverage="0" branchCoverage="0" isConstructor="false" isStatic="false" isGetter="false" isSetter="false" crapScore="0">
              <Summary numSequencePoints="1" visitedSequencePoints="0" numBranchPoints="1" visitedBranchPoints="0" sequenceCoverage="0" branchCoverage="0" maxCyclomaticComplexity="1" minCyclomaticComplexity="1" visitedClasses="0" numClasses="0" visitedMethods="0" numMethods="1" minCrapScore="0" maxCrapScore="0" />
              <MetadataToken>100663379</MetadataToken>
              <Name>Microsoft.FSharp.Core.FSharpOption`1&lt;System.String&gt; Expecto.Junit.TestLogger.ParametersModule/tryGet@36::Invoke(System.String)</Name>
              <FileRef uid="1" />
              <SequencePoints>
                <SequencePoint vc="0" uspid="58" ordinal="0" offset="0" sl="36" sc="22" el="36" ec="69" bec="0" bev="0" fileid="1" />
              </SequencePoints>
              <BranchPoints />
              <MethodPoint xsi:type="SequencePoint" vc="0" uspid="58" ordinal="0" offset="0" sl="36" sc="22" el="36" ec="69" bec="0" bev="0" fileid="1" />
            </Method>
          </Methods>
        </Class>
        <Class>
          <Summary numSequencePoints="0" visitedSequencePoints="0" numBranchPoints="0" visitedBranchPoints="0" sequenceCoverage="0" branchCoverage="0" maxCyclomaticComplexity="0" minCyclomaticComplexity="0" visitedClasses="0" numClasses="0" visitedMethods="0" numMethods="0" minCrapScore="0" maxCrapScore="0" />
          <FullName>Expecto.Junit.TestLogger.ParameterKeys</FullName>
          <Methods />
        </Class>
        <Class>
          <Summary numSequencePoints="0" visitedSequencePoints="0" numBranchPoints="0" visitedBranchPoints="0" sequenceCoverage="0" branchCoverage="0" maxCyclomaticComplexity="0" minCyclomaticComplexity="0" visitedClasses="0" numClasses="0" visitedMethods="0" numMethods="0" minCrapScore="0" maxCrapScore="0" />
          <FullName>&lt;StartupCode$ExpectoJunitTestLogger&gt;.$JunitTestLogger</FullName>
          <Methods />
        </Class>
        <Class>
          <Summary numSequencePoints="1" visitedSequencePoints="0" numBranchPoints="1" visitedBranchPoints="0" sequenceCoverage="0" branchCoverage="0" maxCyclomaticComplexity="1" minCyclomaticComplexity="1" visitedClasses="0" numClasses="1" visitedMethods="0" numMethods="1" minCrapScore="0" maxCrapScore="0" />
          <FullName>&lt;StartupCode$ExpectoJunitTestLogger&gt;.$JunitTestLogger/InitializeImpl@141</FullName>
          <Methods>
            <Method visited="false" cyclomaticComplexity="1" nPathComplexity="0" sequenceCoverage="0" branchCoverage="0" isConstructor="false" isStatic="false" isGetter="false" isSetter="false" crapScore="0">
              <Summary numSequencePoints="1" visitedSequencePoints="0" numBranchPoints="1" visitedBranchPoints="0" sequenceCoverage="0" branchCoverage="0" maxCyclomaticComplexity="1" minCyclomaticComplexity="1" visitedClasses="0" numClasses="0" visitedMethods="0" numMethods="1" minCrapScore="0" maxCrapScore="0" />
              <MetadataToken>100663381</MetadataToken>
              <Name>Microsoft.FSharp.Core.Unit &lt;StartupCode$ExpectoJunitTestLogger&gt;.$JunitTestLogger/InitializeImpl@141::Invoke(System.EventHandler`1&lt;Microsoft.VisualStudio.TestPlatform.ObjectModel.Client.TestRunCompleteEventArgs&gt;)</Name>
              <FileRef uid="1" />
              <SequencePoints>
                <SequencePoint vc="0" uspid="59" ordinal="0" offset="0" sl="141" sc="12" el="141" ec="27" bec="0" bev="0" fileid="1" />
              </SequencePoints>
              <BranchPoints />
              <MethodPoint xsi:type="SequencePoint" vc="0" uspid="59" ordinal="0" offset="0" sl="141" sc="12" el="141" ec="27" bec="0" bev="0" fileid="1" />
            </Method>
          </Methods>
        </Class>
        <Class>
          <Summary numSequencePoints="1" visitedSequencePoints="0" numBranchPoints="1" visitedBranchPoints="0" sequenceCoverage="0" branchCoverage="0" maxCyclomaticComplexity="1" minCyclomaticComplexity="1" visitedClasses="0" numClasses="1" visitedMethods="0" numMethods="1" minCrapScore="0" maxCrapScore="0" />
          <FullName>&lt;StartupCode$ExpectoJunitTestLogger&gt;.$JunitTestLogger/InitializeImpl@141-1</FullName>
          <Methods>
            <Method visited="false" cyclomaticComplexity="1" nPathComplexity="0" sequenceCoverage="0" branchCoverage="0" isConstructor="false" isStatic="false" isGetter="false" isSetter="false" crapScore="0">
              <Summary numSequencePoints="1" visitedSequencePoints="0" numBranchPoints="1" visitedBranchPoints="0" sequenceCoverage="0" branchCoverage="0" maxCyclomaticComplexity="1" minCyclomaticComplexity="1" visitedClasses="0" numClasses="0" visitedMethods="0" numMethods="1" minCrapScore="0" maxCrapScore="0" />
              <MetadataToken>100663383</MetadataToken>
              <Name>Microsoft.FSharp.Core.Unit &lt;StartupCode$ExpectoJunitTestLogger&gt;.$JunitTestLogger/InitializeImpl@141-1::Invoke(System.EventHandler`1&lt;Microsoft.VisualStudio.TestPlatform.ObjectModel.Client.TestRunCompleteEventArgs&gt;)</Name>
              <FileRef uid="1" />
              <SequencePoints>
                <SequencePoint vc="0" uspid="60" ordinal="0" offset="0" sl="141" sc="12" el="141" ec="27" bec="0" bev="0" fileid="1" />
              </SequencePoints>
              <BranchPoints />
              <MethodPoint xsi:type="SequencePoint" vc="0" uspid="60" ordinal="0" offset="0" sl="141" sc="12" el="141" ec="27" bec="0" bev="0" fileid="1" />
            </Method>
          </Methods>
        </Class>
        <Class>
          <Summary numSequencePoints="1" visitedSequencePoints="0" numBranchPoints="1" visitedBranchPoints="0" sequenceCoverage="0" branchCoverage="0" maxCyclomaticComplexity="1" minCyclomaticComplexity="1" visitedClasses="0" numClasses="1" visitedMethods="0" numMethods="1" minCrapScore="0" maxCrapScore="0" />
          <FullName>&lt;StartupCode$ExpectoJunitTestLogger&gt;.$JunitTestLogger/InitializeImpl@141-3</FullName>
          <Methods>
            <Method visited="false" cyclomaticComplexity="1" nPathComplexity="0" sequenceCoverage="0" branchCoverage="0" isConstructor="true" isStatic="false" isGetter="false" isSetter="false" crapScore="0">
              <Summary numSequencePoints="0" visitedSequencePoints="0" numBranchPoints="0" visitedBranchPoints="0" sequenceCoverage="0" branchCoverage="0" maxCyclomaticComplexity="1" minCyclomaticComplexity="1" visitedClasses="0" numClasses="0" visitedMethods="0" numMethods="0" minCrapScore="0" maxCrapScore="0" />
              <MetadataToken>100663384</MetadataToken>
              <Name>System.Void &lt;StartupCode$ExpectoJunitTestLogger&gt;.$JunitTestLogger/InitializeImpl@141-3::.ctor(Microsoft.FSharp.Core.FSharpFunc`2&lt;System.Object,Microsoft.FSharp.Core.FSharpFunc`2&lt;Microsoft.VisualStudio.TestPlatform.ObjectModel.Client.TestRunCompleteEventArgs,Microsoft.FSharp.Core.Unit&gt;&gt;)</Name>
              <SequencePoints />
              <BranchPoints />
              <MethodPoint vc="0" uspid="100663384" ordinal="0" offset="0" />
            </Method>
            <Method visited="false" cyclomaticComplexity="1" nPathComplexity="0" sequenceCoverage="0" branchCoverage="0" isConstructor="false" isStatic="false" isGetter="false" isSetter="false" crapScore="0">
              <Summary numSequencePoints="1" visitedSequencePoints="0" numBranchPoints="1" visitedBranchPoints="0" sequenceCoverage="0" branchCoverage="0" maxCyclomaticComplexity="1" minCyclomaticComplexity="1" visitedClasses="0" numClasses="0" visitedMethods="0" numMethods="1" minCrapScore="0" maxCrapScore="0" />
              <MetadataToken>100663385</MetadataToken>
              <Name>System.Void &lt;StartupCode$ExpectoJunitTestLogger&gt;.$JunitTestLogger/InitializeImpl@141-3::Invoke(System.Object,Microsoft.VisualStudio.TestPlatform.ObjectModel.Client.TestRunCompleteEventArgs)</Name>
              <FileRef uid="1" />
              <SequencePoints>
                <SequencePoint vc="0" uspid="61" ordinal="0" offset="0" sl="141" sc="12" el="141" ec="27" bec="0" bev="0" fileid="1" />
              </SequencePoints>
              <BranchPoints />
              <MethodPoint xsi:type="SequencePoint" vc="0" uspid="61" ordinal="0" offset="0" sl="141" sc="12" el="141" ec="27" bec="0" bev="0" fileid="1" />
            </Method>
          </Methods>
        </Class>
        <Class>
          <Summary numSequencePoints="1" visitedSequencePoints="0" numBranchPoints="1" visitedBranchPoints="0" sequenceCoverage="0" branchCoverage="0" maxCyclomaticComplexity="1" minCyclomaticComplexity="1" visitedClasses="0" numClasses="1" visitedMethods="0" numMethods="1" minCrapScore="0" maxCrapScore="0" />
          <FullName>&lt;StartupCode$ExpectoJunitTestLogger&gt;.$JunitTestLogger/InitializeImpl@141-2</FullName>
          <Methods>
            <Method visited="false" cyclomaticComplexity="1" nPathComplexity="0" sequenceCoverage="0" branchCoverage="0" isConstructor="false" isStatic="false" isGetter="false" isSetter="false" crapScore="0">
              <Summary numSequencePoints="1" visitedSequencePoints="0" numBranchPoints="1" visitedBranchPoints="0" sequenceCoverage="0" branchCoverage="0" maxCyclomaticComplexity="1" minCyclomaticComplexity="1" visitedClasses="0" numClasses="0" visitedMethods="0" numMethods="1" minCrapScore="0" maxCrapScore="0" />
              <MetadataToken>100663387</MetadataToken>
              <Name>System.EventHandler`1&lt;Microsoft.VisualStudio.TestPlatform.ObjectModel.Client.TestRunCompleteEventArgs&gt; &lt;StartupCode$ExpectoJunitTestLogger&gt;.$JunitTestLogger/InitializeImpl@141-2::Invoke(Microsoft.FSharp.Core.FSharpFunc`2&lt;System.Object,Microsoft.FSharp.Core.FSharpFunc`2&lt;Microsoft.VisualStudio.TestPlatform.ObjectModel.Client.TestRunCompleteEventArgs,Microsoft.FSharp.Core.Unit&gt;&gt;)</Name>
              <FileRef uid="1" />
              <SequencePoints>
                <SequencePoint vc="0" uspid="62" ordinal="0" offset="0" sl="141" sc="12" el="141" ec="27" bec="0" bev="0" fileid="1" />
              </SequencePoints>
              <BranchPoints />
              <MethodPoint xsi:type="SequencePoint" vc="0" uspid="62" ordinal="0" offset="0" sl="141" sc="12" el="141" ec="27" bec="0" bev="0" fileid="1" />
            </Method>
          </Methods>
        </Class>
        <Class>
          <Summary numSequencePoints="1" visitedSequencePoints="0" numBranchPoints="1" visitedBranchPoints="0" sequenceCoverage="0" branchCoverage="0" maxCyclomaticComplexity="1" minCyclomaticComplexity="1" visitedClasses="0" numClasses="1" visitedMethods="0" numMethods="1" minCrapScore="0" maxCrapScore="0" />
          <FullName>&lt;StartupCode$ExpectoJunitTestLogger&gt;.$JunitTestLogger/InitializeImpl@141-4</FullName>
          <Methods>
            <Method visited="false" cyclomaticComplexity="1" nPathComplexity="0" sequenceCoverage="0" branchCoverage="0" isConstructor="false" isStatic="false" isGetter="false" isSetter="false" crapScore="0">
              <Summary numSequencePoints="1" visitedSequencePoints="0" numBranchPoints="1" visitedBranchPoints="0" sequenceCoverage="0" branchCoverage="0" maxCyclomaticComplexity="1" minCyclomaticComplexity="1" visitedClasses="0" numClasses="0" visitedMethods="0" numMethods="1" minCrapScore="0" maxCrapScore="0" />
              <MetadataToken>100663389</MetadataToken>
              <Name>Microsoft.FSharp.Core.Unit &lt;StartupCode$ExpectoJunitTestLogger&gt;.$JunitTestLogger/InitializeImpl@141-4::Invoke(Microsoft.VisualStudio.TestPlatform.ObjectModel.Client.TestRunCompleteEventArgs)</Name>
              <FileRef uid="1" />
              <SequencePoints>
                <SequencePoint vc="0" uspid="63" ordinal="0" offset="0" sl="141" sc="32" el="141" ec="59" bec="0" bev="0" fileid="1" />
              </SequencePoints>
              <BranchPoints />
              <MethodPoint xsi:type="SequencePoint" vc="0" uspid="63" ordinal="0" offset="0" sl="141" sc="32" el="141" ec="59" bec="0" bev="0" fileid="1" />
            </Method>
          </Methods>
        </Class>
        <Class>
          <Summary numSequencePoints="1" visitedSequencePoints="0" numBranchPoints="1" visitedBranchPoints="0" sequenceCoverage="0" branchCoverage="0" maxCyclomaticComplexity="1" minCyclomaticComplexity="1" visitedClasses="0" numClasses="1" visitedMethods="0" numMethods="1" minCrapScore="0" maxCrapScore="0" />
          <FullName>&lt;StartupCode$ExpectoJunitTestLogger&gt;.$JunitTestLogger/paramsMap@167</FullName>
          <Methods>
            <Method visited="false" cyclomaticComplexity="1" nPathComplexity="0" sequenceCoverage="0" branchCoverage="0" isConstructor="false" isStatic="false" isGetter="false" isSetter="false" crapScore="0">
              <Summary numSequencePoints="1" visitedSequencePoints="0" numBranchPoints="1" visitedBranchPoints="0" sequenceCoverage="0" branchCoverage="0" maxCyclomaticComplexity="1" minCyclomaticComplexity="1" visitedClasses="0" numClasses="0" visitedMethods="0" numMethods="1" minCrapScore="0" maxCrapScore="0" />
              <MetadataToken>100663391</MetadataToken>
              <Name>System.Tuple`2&lt;System.String,System.String&gt; &lt;StartupCode$ExpectoJunitTestLogger&gt;.$JunitTestLogger/paramsMap@167::Invoke(System.Tuple`2&lt;System.String,System.String&gt;)</Name>
              <FileRef uid="1" />
              <SequencePoints>
                <SequencePoint vc="0" uspid="64" ordinal="0" offset="14" sl="167" sc="36" el="167" ec="59" bec="0" bev="0" fileid="1" />
              </SequencePoints>
              <BranchPoints />
              <MethodPoint xsi:type="SequencePoint" vc="0" uspid="64" ordinal="0" offset="14" sl="167" sc="36" el="167" ec="59" bec="0" bev="0" fileid="1" />
            </Method>
          </Methods>
        </Class>
        <Class>
          <Summary numSequencePoints="1" visitedSequencePoints="0" numBranchPoints="1" visitedBranchPoints="0" sequenceCoverage="0" branchCoverage="0" maxCyclomaticComplexity="1" minCyclomaticComplexity="1" visitedClasses="0" numClasses="1" visitedMethods="0" numMethods="1" minCrapScore="0" maxCrapScore="0" />
          <FullName>&lt;StartupCode$ExpectoJunitTestLogger&gt;.$JunitTestLogger/paramsMap@166-1</FullName>
          <Methods>
            <Method visited="false" cyclomaticComplexity="1" nPathComplexity="0" sequenceCoverage="0" branchCoverage="0" isConstructor="false" isStatic="false" isGetter="false" isSetter="false" crapScore="0">
              <Summary numSequencePoints="1" visitedSequencePoints="0" numBranchPoints="1" visitedBranchPoints="0" sequenceCoverage="0" branchCoverage="0" maxCyclomaticComplexity="1" minCyclomaticComplexity="1" visitedClasses="0" numClasses="0" visitedMethods="0" numMethods="1" minCrapScore="0" maxCrapScore="0" />
              <MetadataToken>100663393</MetadataToken>
              <Name>System.Tuple`2&lt;System.String,System.String&gt; &lt;StartupCode$ExpectoJunitTestLogger&gt;.$JunitTestLogger/paramsMap@166-1::Invoke(System.Collections.Generic.KeyValuePair`2&lt;System.String,System.String&gt;)</Name>
              <FileRef uid="1" />
              <SequencePoints>
                <SequencePoint vc="0" uspid="65" ordinal="0" offset="0" sl="166" sc="21" el="166" ec="31" bec="0" bev="0" fileid="1" />
              </SequencePoints>
              <BranchPoints />
              <MethodPoint xsi:type="SequencePoint" vc="0" uspid="65" ordinal="0" offset="0" sl="166" sc="21" el="166" ec="31" bec="0" bev="0" fileid="1" />
            </Method>
          </Methods>
        </Class>
        <Class>
          <Summary numSequencePoints="0" visitedSequencePoints="0" numBranchPoints="0" visitedBranchPoints="0" sequenceCoverage="0" branchCoverage="0" maxCyclomaticComplexity="0" minCyclomaticComplexity="0" visitedClasses="0" numClasses="0" visitedMethods="0" numMethods="0" minCrapScore="0" maxCrapScore="0" />
          <FullName>System.AssemblyVersionInformation</FullName>
          <Methods />
        </Class>
        <Class>
          <Summary numSequencePoints="0" visitedSequencePoints="0" numBranchPoints="0" visitedBranchPoints="0" sequenceCoverage="0" branchCoverage="0" maxCyclomaticComplexity="0" minCyclomaticComplexity="0" visitedClasses="0" numClasses="0" visitedMethods="0" numMethods="0" minCrapScore="0" maxCrapScore="0" />
          <FullName>&lt;StartupCode$ExpectoJunitTestLogger&gt;.$AssemblyInfo</FullName>
          <Methods />
        </Class>
        <Class>
          <Summary numSequencePoints="0" visitedSequencePoints="0" numBranchPoints="0" visitedBranchPoints="0" sequenceCoverage="0" branchCoverage="0" maxCyclomaticComplexity="0" minCyclomaticComplexity="0" visitedClasses="0" numClasses="0" visitedMethods="0" numMethods="0" minCrapScore="0" maxCrapScore="0" />
          <FullName>&lt;StartupCode$ExpectoJunitTestLogger&gt;.$ExpectoJunitTestLogger.AssemblyInfo</FullName>
          <Methods />
        </Class>
        <Class>
          <Summary numSequencePoints="0" visitedSequencePoints="0" numBranchPoints="0" visitedBranchPoints="0" sequenceCoverage="0" branchCoverage="0" maxCyclomaticComplexity="0" minCyclomaticComplexity="0" visitedClasses="0" numClasses="0" visitedMethods="0" numMethods="0" minCrapScore="0" maxCrapScore="0" />
          <FullName>&lt;StartupCode$ExpectoJunitTestLogger&gt;.$.NETStandard,Version=v2.1.AssemblyAttributes</FullName>
          <Methods />
        </Class>
      </Classes>
    </Module>
    <Module skippedDueTo="Filter" hash="BC-B6-F4-7D-AA-F4-EE-66-04-C5-AD-F5-F4-F3-6E-8E-97-BC-80-68">
      <ModulePath>/Users/maxpaige/git/ExpectoJunitTestLogger/tests/ExpectoJunitTestLogger.Tests/bin/Debug/netcoreapp3.1/__Saved/ExpectoJunitTestLogger.Tests.dll</ModulePath>
      <ModuleTime>2020-12-31T16:22:40.150225Z</ModuleTime>
      <ModuleName>ExpectoJunitTestLogger.Tests</ModuleName>
      <Classes />
    </Module>
  </Modules>
</CoverageSession>