<?xml version="1.0" encoding="utf-8"?>
<testsuites>
  <properties>
    <property name="clr-version" value="5.0.0" />
    <property name="os-version" value="Unix 10.15.7" />
    <property name="platform" value="Unix" />
    <property name="cwd" value="/Users/maxpaige/git/ExpectoJunitTestLogger/tests/BinaryDefense.Junit.Expecto.TestLogger.Tests" />
    <property name="machine-name" value="Maxs-MacBook-Pro" />
    <property name="user" value="maxpaige" />
    <property name="user-domain" value="Maxs-MacBook-Pro" />
    <property name="logfilepath" value="./build-script-test-report.xml" />
    <property name="nameformat" value="AllLists" />
    <property name="spliton" value="." />
    <property name="targetframework" value=".NETCoreApp,Version=v3.1" />
    <property name="testrundirectory" value="/Users/maxpaige/git/ExpectoJunitTestLogger/tests/BinaryDefense.Junit.Expecto.TestLogger.Tests/TestResults" />
  </properties>
  <testsuite>
    <testsuite timestamp="1/8/2021 7:49:24 PM" tests="50" hostname="Maxs-MacBook-Pro">
      <testcase classname="Test Result Builder tests.Split Class Name tests" name="Returns empty string tuple on empty input for root list formatting" time="0.029" />
      <testcase classname="Test Result Builder tests.Parse TestResult outcome tests" name="parseOutcome returns blank messages when failed test has no error message" time="0.008" />
      <testcase classname="Test Result Builder tests.Split Class Name tests" name="AllLists-No Nesting" time="0.028" />
      <testcase classname="Test Result Builder tests.Split Class Name tests" name="RootList-Lots of Nesting" time="0.028" />
      <testcase classname="Test Result Builder tests.Split Class Name tests" name="RootList-Some Nesting" time="0.029" />
      <testcase classname="Test Result Builder tests.Parse TestResult outcome tests" name="parseOutcome returns empty string summary if error message contains no newlines" time="0" />
      <testcase classname="Test Result Builder tests.Split Class Name tests" name="AllLists-Lots of Nesting" time="0.028" />
      <testcase classname="Test Result Builder tests.Split Class Name tests" name="AllLists-Some Nesting" time="0.029" />
      <testcase classname="Test Result Builder tests.Split Class Name tests" name="Returns empty string tuple on empty input for all list formatting" time="0.028" />
      <testcase classname="Test Result Builder tests.Split Class Name tests" name="RootList-No Nesting" time="0.028" />
      <testcase classname="Test Result Builder tests.Parse TestResult outcome tests" name="parseOutcome removes first error message line on failed test" time="0" />
      <testcase classname="Test Result Builder tests.Parse TestResult outcome tests" name="parseOutcome should return the error message when a test fails" time="0" />
      <testcase classname="Test Result Builder tests.Parse TestResult outcome tests" name="parseOutcome should return the full error message when it contains a newline when a test fails" time="0" />
      <testcase classname="Test Result Builder tests.Parse TestResult outcome tests" name="parseOutcome returns the first message where there are multiple messages on a skipped test" time="0.001" />
      <testcase classname="Parameter parsing and building" name="build file path with None returns a string" time="0.001" />
      <testcase classname="Test Result Builder tests.Parse TestResult outcome tests" name="parseOutcome returns the first message when there is only one message on a skipped test" time="0.001" />
      <testcase classname="Test Result Builder tests.Parse TestResult outcome tests" name="buildTestReport returns a test report" time="0.002" />
      <testcase classname="Test Result Builder tests.Parse TestResult outcome tests" name="ParseOutcome ignores the error message when a test is skipped and has no messages" time="0.001" />
      <testcase classname="Test Result Builder tests.Parse TestResult outcome tests" name="parseOutcome returns no message when a test is skipped with no messages" time="0.001" />
      <testcase classname="Parameter parsing and building" name="build file path with None returns an xml file" time="0" />
      <testcase classname="Parameter parsing and building" name="Get Name Format returns rootList case invariant" time="0.001" />
      <testcase classname="Parameter parsing and building" name="Get Name Format returns rootlist as default" time="0.001" />
      <testcase classname="Parameter parsing and building" name="Get Name Format returns all lists case invariant" time="0" />
      <testcase classname="Parameter parsing and building" name="Build file path with a path and no file returns an xml file" time="0.001" />
      <testcase classname="Parameter parsing and building" name="Parameters with no path key returns a path" time="0.002" />
      <testcase classname="Parameter parsing and building" name="Build file path with a path and no file does not stack forward slashes" time="0.003" />
      <testcase classname="Parameter parsing and building" name="Build file path with a path and a file does not double up xml" time="0.002" />
      <testcase classname="Parameter parsing and building" name="Parameters with no path key returns the default file name" time="0.003" />
      <testcase classname="XmlBuilder tests.buildSuite tests" name="build suite does not error when given an empty list" time="0.005" />
      <testcase classname="XmlBuilder tests.buildSuite tests" name="Build suite returns structure when given a single argument" time="0.012" />
      <testcase classname="XmlBuilder tests.buildTestCase tests" name="BuildTestCase doesn't add any attributes for a Passed test" time="0" />
      <testcase classname="XmlBuilder tests.buildTestCase tests" name="BuildTestCase returns an XElement with attributes" time="0" />
      <testcase classname="XmlBuilder tests.buildTestCase tests" name="BuildTestCase sets the class name attribute" time="0.002" />
      <testcase classname="XmlBuilder tests.buildTestCase tests" name="BuildTestCase creates message attribute for a failed test" time="0.002" />
      <testcase classname="XmlBuilder tests.buildTestCase tests" name="BuildTestCase creates message attribute for NoOutcome test outcome" time="0.002" />
      <testcase classname="XmlBuilder tests.buildTestCase tests" name="BuildTestCase creates message attribute for Skipped test outcome" time="0.002" />
      <testcase classname="XmlBuilder tests.buildTestCase tests" name="BuildTestCase sets the time attribute" time="0.002" />
      <testcase classname="XmlBuilder tests.buildTestCase tests" name="BuildTestCase sets the name attribute" time="0.002" />
      <testcase classname="XmlBuilder tests.buildTestCase tests" name="BuildTestCase does not write invalid xml characters for a skipped test" time="0.002" />
      <testcase classname="XmlBuilder tests.buildProperties tests" name="buildProperties writes at least 1 property" time="0.024" />
      <testcase classname="XmlBuilder tests.buildTestCase tests" name="BuildTestCase creates type attribute on failed test" time="0" />
      <testcase classname="XmlBuilder tests.buildTestCase tests" name="BuildTestCase removes invalid characters in failure message and summary" time="0" />
      <testcase classname="XmlBuilder tests.buildTestCase tests" name="BuildTestCase creates text block for a failed test" time="0.001" />
      <testcase classname="XmlBuilder tests.buildProperties tests" name="buildProperties writes correct value for arg" time="0.027" />
      <testcase classname="XmlWriter tests" name="Writes a file" time="0.004" />
      <testcase classname="XmlWriter tests" name="Writes a file-cleanup" time="0" />
      <testcase classname="XmlWriter tests" name="Writes a directory" time="0.004" />
      <testcase classname="XmlWriter tests" name="Writes a directory-cleanup" time="0.003" />
      <testcase classname="XmlWriter tests" name="Does not write &amp;lt; (an escaped &lt; symbol)" time="0.003" />
      <testcase classname="XmlWriter tests" name="Does not write &amp;lt; (an escaped &lt; symbol)-cleanup" time="0" />
    </testsuite>
  </testsuite>
</testsuites>