<?xml version="1.0" encoding="utf-8" standalone="yes"?>
<CoverageSession xmlns:xsd="http://www.w3.org/2001/XMLSchema" xmlns:xsi="http://www.w3.org/2001/XMLSchema-instance">
  <Summary numSequencePoints="124" visitedSequencePoints="100" numBranchPoints="83" visitedBranchPoints="52" sequenceCoverage="80.65" branchCoverage="62.65" maxCyclomaticComplexity="17" minCyclomaticComplexity="1" visitedClasses="12" numClasses="13" visitedMethods="25" numMethods="69" minCrapScore="1" maxCrapScore="17" />
  <Modules>
    <Module hash="93-C9-1B-DD-BE-72-17-05-92-48-80-1D-8A-89-0F-4D-9E-AD-3D-B8">
      <Summary numSequencePoints="124" visitedSequencePoints="100" numBranchPoints="83" visitedBranchPoints="52" sequenceCoverage="80.65" branchCoverage="62.65" maxCyclomaticComplexity="17" minCyclomaticComplexity="1" visitedClasses="12" numClasses="13" visitedMethods="25" numMethods="69" minCrapScore="1" maxCrapScore="17" />
      <ModulePath>/Users/maxpaige/git/ExpectoJunitTestLogger/tests/BinaryDefense.Junit.Expecto.TestLogger.Tests/bin/Release/netcoreapp3.1/__Saved/BinaryDefense.Junit.Expecto.TestLogger.dll</ModulePath>
      <ModuleTime>2021-01-08T20:35:04.15915Z</ModuleTime>
      <ModuleName>BinaryDefense.Junit.Expecto.TestLogger</ModuleName>
      <Files>
        <File uid="1" fullPath="/Users/maxpaige/git/ExpectoJunitTestLogger/src/BinaryDefense.Junit.Expecto.TestLogger/Parameters.fs" />
        <File uid="2" fullPath="/Users/maxpaige/git/ExpectoJunitTestLogger/src/BinaryDefense.Junit.Expecto.TestLogger/Xml.fs" />
        <File uid="3" fullPath="/Users/maxpaige/git/ExpectoJunitTestLogger/src/BinaryDefense.Junit.Expecto.TestLogger/TestReporting.fs" />
      </Files>
      <Classes>
        <Class>
          <Summary numSequencePoints="0" visitedSequencePoints="0" numBranchPoints="0" visitedBranchPoints="0" sequenceCoverage="0" branchCoverage="0" maxCyclomaticComplexity="0" minCyclomaticComplexity="0" visitedClasses="0" numClasses="0" visitedMethods="0" numMethods="0" minCrapScore="0" maxCrapScore="0" />
          <FullName>&lt;Module&gt;</FullName>
          <Methods />
        </Class>
        <Class>
          <Summary numSequencePoints="0" visitedSequencePoints="0" numBranchPoints="0" visitedBranchPoints="0" sequenceCoverage="0" branchCoverage="0" maxCyclomaticComplexity="0" minCyclomaticComplexity="0" visitedClasses="0" numClasses="0" visitedMethods="0" numMethods="0" minCrapScore="0" maxCrapScore="0" />
          <FullName>BinaryDefense.Junit.Expecto.TestLogger.NameFormat</FullName>
          <Methods />
        </Class>
        <Class>
          <Summary numSequencePoints="0" visitedSequencePoints="0" numBranchPoints="0" visitedBranchPoints="0" sequenceCoverage="0" branchCoverage="0" maxCyclomaticComplexity="0" minCyclomaticComplexity="0" visitedClasses="0" numClasses="0" visitedMethods="0" numMethods="0" minCrapScore="0" maxCrapScore="0" />
          <FullName>BinaryDefense.Junit.Expecto.TestLogger.NameFormat/Tags</FullName>
          <Methods />
        </Class>
        <Class>
          <Summary numSequencePoints="4" visitedSequencePoints="3" numBranchPoints="4" visitedBranchPoints="2" sequenceCoverage="75" branchCoverage="50" maxCyclomaticComplexity="2" minCyclomaticComplexity="1" visitedClasses="1" numClasses="1" visitedMethods="2" numMethods="2" minCrapScore="1" maxCrapScore="2.15" />
          <FullName>BinaryDefense.Junit.Expecto.TestLogger.Parameters</FullName>
          <Methods>
            <Method visited="true" cyclomaticComplexity="1" nPathComplexity="0" sequenceCoverage="100" branchCoverage="0" isConstructor="false" isStatic="true" isGetter="false" isSetter="false" crapScore="1">
              <Summary numSequencePoints="1" visitedSequencePoints="1" numBranchPoints="1" visitedBranchPoints="0" sequenceCoverage="100" branchCoverage="0" maxCyclomaticComplexity="1" minCyclomaticComplexity="1" visitedClasses="0" numClasses="0" visitedMethods="1" numMethods="1" minCrapScore="1" maxCrapScore="1" />
              <MetadataToken>100663326</MetadataToken>
              <Name>BinaryDefense.Junit.Expecto.TestLogger.Parameters BinaryDefense.Junit.Expecto.TestLogger.Parameters::Empty()</Name>
              <FileRef uid="1" />
              <SequencePoints>
                <SequencePoint vc="2" uspid="0" ordinal="0" offset="0" sl="61" sc="29" el="66" ec="6" bec="0" bev="0" fileid="1" />
              </SequencePoints>
              <BranchPoints />
              <MethodPoint xsi:type="SequencePoint" vc="2" uspid="0" ordinal="0" offset="0" sl="61" sc="29" el="66" ec="6" bec="0" bev="0" fileid="1" />
            </Method>
            <Method visited="true" cyclomaticComplexity="2" nPathComplexity="2" sequenceCoverage="66.67" branchCoverage="66.67" isConstructor="false" isStatic="false" isGetter="false" isSetter="false" crapScore="2.15">
              <Summary numSequencePoints="3" visitedSequencePoints="2" numBranchPoints="3" visitedBranchPoints="2" sequenceCoverage="66.67" branchCoverage="66.67" maxCyclomaticComplexity="2" minCyclomaticComplexity="2" visitedClasses="0" numClasses="0" visitedMethods="1" numMethods="1" minCrapScore="2.15" maxCrapScore="2.15" />
              <MetadataToken>100663327</MetadataToken>
              <Name>Microsoft.FSharp.Core.FSharpOption`1&lt;System.String&gt; BinaryDefense.Junit.Expecto.TestLogger.Parameters::TryGetInput(System.String)</Name>
              <FileRef uid="1" />
              <SequencePoints>
                <SequencePoint vc="2" uspid="3" ordinal="0" offset="0" sl="69" sc="13" el="69" ec="69" bec="2" bev="1" fileid="1" />
                <SequencePoint vc="0" uspid="2" ordinal="1" offset="23" sl="70" sc="24" el="70" ec="34" bec="0" bev="0" fileid="1" />
                <SequencePoint vc="2" uspid="1" ordinal="2" offset="30" sl="71" sc="21" el="71" ec="25" bec="0" bev="0" fileid="1" />
              </SequencePoints>
              <BranchPoints>
                <BranchPoint vc="0" uspid="0" ordinal="0" offset="21" sl="69" path="0" offsetend="23" fileid="1" />
                <BranchPoint vc="2" uspid="1" ordinal="1" offset="21" sl="69" path="1" offsetend="30" fileid="1" />
              </BranchPoints>
              <MethodPoint xsi:type="SequencePoint" vc="2" uspid="3" ordinal="0" offset="0" sl="69" sc="13" el="69" ec="69" bec="2" bev="0" fileid="1" />
            </Method>
          </Methods>
        </Class>
        <Class>
          <Summary numSequencePoints="0" visitedSequencePoints="0" numBranchPoints="0" visitedBranchPoints="0" sequenceCoverage="0" branchCoverage="0" maxCyclomaticComplexity="5" minCyclomaticComplexity="1" visitedClasses="0" numClasses="0" visitedMethods="0" numMethods="10" minCrapScore="0" maxCrapScore="0" />
          <FullName>BinaryDefense.Junit.Expecto.TestLogger.JunitTestLogger</FullName>
          <Methods>
            <Method skippedDueTo="File" visited="false" cyclomaticComplexity="1" nPathComplexity="0" sequenceCoverage="0" branchCoverage="0" isConstructor="true" isStatic="false" isGetter="false" isSetter="false" crapScore="0">
              <MetadataToken>100663330</MetadataToken>
              <Name>System.Void BinaryDefense.Junit.Expecto.TestLogger.JunitTestLogger::.ctor()</Name>
              <SequencePoints />
              <BranchPoints />
              <MethodPoint vc="0" uspid="100663330" ordinal="0" offset="0" />
            </Method>
            <Method skippedDueTo="File" visited="false" cyclomaticComplexity="1" nPathComplexity="0" sequenceCoverage="0" branchCoverage="0" isConstructor="false" isStatic="false" isGetter="true" isSetter="false" crapScore="0">
              <MetadataToken>100663331</MetadataToken>
              <Name>BinaryDefense.Junit.Expecto.TestLogger.Parameters BinaryDefense.Junit.Expecto.TestLogger.JunitTestLogger::get_Parameters()</Name>
              <SequencePoints />
              <BranchPoints />
              <MethodPoint vc="0" uspid="100663331" ordinal="0" offset="0" />
            </Method>
            <Method skippedDueTo="File" visited="false" cyclomaticComplexity="1" nPathComplexity="0" sequenceCoverage="0" branchCoverage="0" isConstructor="false" isStatic="false" isGetter="false" isSetter="true" crapScore="0">
              <MetadataToken>100663332</MetadataToken>
              <Name>System.Void BinaryDefense.Junit.Expecto.TestLogger.JunitTestLogger::set_Parameters(BinaryDefense.Junit.Expecto.TestLogger.Parameters)</Name>
              <SequencePoints />
              <BranchPoints />
              <MethodPoint vc="0" uspid="100663332" ordinal="0" offset="0" />
            </Method>
            <Method skippedDueTo="File" visited="false" cyclomaticComplexity="1" nPathComplexity="0" sequenceCoverage="0" branchCoverage="0" isConstructor="false" isStatic="false" isGetter="false" isSetter="false" crapScore="0">
              <MetadataToken>100663333</MetadataToken>
              <Name>System.Void BinaryDefense.Junit.Expecto.TestLogger.JunitTestLogger::TestRunMessageHandler(Microsoft.VisualStudio.TestPlatform.ObjectModel.Logging.TestRunMessageEventArgs)</Name>
              <SequencePoints />
              <BranchPoints />
              <MethodPoint vc="0" uspid="100663333" ordinal="0" offset="0" />
            </Method>
            <Method skippedDueTo="File" visited="false" cyclomaticComplexity="1" nPathComplexity="0" sequenceCoverage="0" branchCoverage="0" isConstructor="false" isStatic="false" isGetter="false" isSetter="false" crapScore="0">
              <MetadataToken>100663334</MetadataToken>
              <Name>System.Void BinaryDefense.Junit.Expecto.TestLogger.JunitTestLogger::TestRunStartHandler(Microsoft.VisualStudio.TestPlatform.ObjectModel.Client.TestRunStartEventArgs)</Name>
              <SequencePoints />
              <BranchPoints />
              <MethodPoint vc="0" uspid="100663334" ordinal="0" offset="0" />
            </Method>
            <Method skippedDueTo="File" visited="false" cyclomaticComplexity="1" nPathComplexity="0" sequenceCoverage="0" branchCoverage="0" isConstructor="false" isStatic="false" isGetter="false" isSetter="false" crapScore="0">
              <MetadataToken>100663335</MetadataToken>
              <Name>System.Void BinaryDefense.Junit.Expecto.TestLogger.JunitTestLogger::TestResultHandler(Microsoft.VisualStudio.TestPlatform.ObjectModel.Logging.TestResultEventArgs)</Name>
              <SequencePoints />
              <BranchPoints />
              <MethodPoint vc="0" uspid="100663335" ordinal="0" offset="0" />
            </Method>
            <Method skippedDueTo="File" visited="false" cyclomaticComplexity="5" nPathComplexity="0" sequenceCoverage="0" branchCoverage="0" isConstructor="false" isStatic="false" isGetter="false" isSetter="false" crapScore="0">
              <MetadataToken>100663336</MetadataToken>
              <Name>System.Void BinaryDefense.Junit.Expecto.TestLogger.JunitTestLogger::TestRunCompleteHandler(Microsoft.VisualStudio.TestPlatform.ObjectModel.Client.TestRunCompleteEventArgs)</Name>
              <SequencePoints />
              <BranchPoints />
              <MethodPoint vc="0" uspid="100663336" ordinal="0" offset="0" />
            </Method>
            <Method skippedDueTo="File" visited="false" cyclomaticComplexity="1" nPathComplexity="0" sequenceCoverage="0" branchCoverage="0" isConstructor="false" isStatic="false" isGetter="false" isSetter="false" crapScore="0">
              <MetadataToken>100663337</MetadataToken>
              <Name>System.Void BinaryDefense.Junit.Expecto.TestLogger.JunitTestLogger::InitializeImpl(Microsoft.VisualStudio.TestPlatform.ObjectModel.Client.TestLoggerEvents)</Name>
              <SequencePoints />
              <BranchPoints />
              <MethodPoint vc="0" uspid="100663337" ordinal="0" offset="0" />
            </Method>
            <Method skippedDueTo="File" visited="false" cyclomaticComplexity="1" nPathComplexity="0" sequenceCoverage="0" branchCoverage="0" isConstructor="false" isStatic="false" isGetter="false" isSetter="false" crapScore="0">
              <MetadataToken>100663338</MetadataToken>
              <Name>System.Void BinaryDefense.Junit.Expecto.TestLogger.JunitTestLogger::Microsoft.VisualStudio.TestPlatform.ObjectModel.Client.ITestLogger.Initialize(Microsoft.VisualStudio.TestPlatform.ObjectModel.Client.TestLoggerEvents,System.String)</Name>
              <SequencePoints />
              <BranchPoints />
              <MethodPoint vc="0" uspid="100663338" ordinal="0" offset="0" />
            </Method>
            <Method skippedDueTo="File" visited="false" cyclomaticComplexity="1" nPathComplexity="0" sequenceCoverage="0" branchCoverage="0" isConstructor="false" isStatic="false" isGetter="false" isSetter="false" crapScore="0">
              <MetadataToken>100663339</MetadataToken>
              <Name>System.Void BinaryDefense.Junit.Expecto.TestLogger.JunitTestLogger::Microsoft.VisualStudio.TestPlatform.ObjectModel.Client.ITestLoggerWithParameters.Initialize(Microsoft.VisualStudio.TestPlatform.ObjectModel.Client.TestLoggerEvents,System.Collections.Generic.Dictionary`2&lt;System.String,System.String&gt;)</Name>
              <SequencePoints />
              <BranchPoints />
              <MethodPoint vc="0" uspid="100663339" ordinal="0" offset="0" />
            </Method>
          </Methods>
        </Class>
        <Class>
          <Summary numSequencePoints="0" visitedSequencePoints="0" numBranchPoints="0" visitedBranchPoints="0" sequenceCoverage="0" branchCoverage="0" maxCyclomaticComplexity="0" minCyclomaticComplexity="0" visitedClasses="0" numClasses="0" visitedMethods="0" numMethods="0" minCrapScore="0" maxCrapScore="0" />
          <FullName>&lt;StartupCode$BinaryDefense-Junit-Expecto-TestLogger&gt;.$JunitTestLogger</FullName>
          <Methods />
        </Class>
        <Class>
          <Summary numSequencePoints="0" visitedSequencePoints="0" numBranchPoints="0" visitedBranchPoints="0" sequenceCoverage="0" branchCoverage="0" maxCyclomaticComplexity="1" minCyclomaticComplexity="1" visitedClasses="0" numClasses="0" visitedMethods="0" numMethods="1" minCrapScore="0" maxCrapScore="0" />
          <FullName>&lt;StartupCode$BinaryDefense-Junit-Expecto-TestLogger&gt;.$JunitTestLogger/reports@40</FullName>
          <Methods>
            <Method skippedDueTo="File" visited="false" cyclomaticComplexity="1" nPathComplexity="0" sequenceCoverage="0" branchCoverage="0" isConstructor="false" isStatic="false" isGetter="false" isSetter="false" crapScore="0">
              <MetadataToken>100663341</MetadataToken>
              <Name>BinaryDefense.Junit.Expecto.TestLogger.TestReportBuilder/TestReport &lt;StartupCode$BinaryDefense-Junit-Expecto-TestLogger&gt;.$JunitTestLogger/reports@40::Invoke(Microsoft.VisualStudio.TestPlatform.ObjectModel.TestResult)</Name>
              <SequencePoints />
              <BranchPoints />
              <MethodPoint vc="0" uspid="100663341" ordinal="0" offset="0" />
            </Method>
          </Methods>
        </Class>
        <Class>
          <Summary numSequencePoints="0" visitedSequencePoints="0" numBranchPoints="0" visitedBranchPoints="0" sequenceCoverage="0" branchCoverage="0" maxCyclomaticComplexity="1" minCyclomaticComplexity="1" visitedClasses="0" numClasses="0" visitedMethods="0" numMethods="1" minCrapScore="0" maxCrapScore="0" />
          <FullName>&lt;StartupCode$BinaryDefense-Junit-Expecto-TestLogger&gt;.$JunitTestLogger/InitializeImpl@50</FullName>
          <Methods>
            <Method skippedDueTo="File" visited="false" cyclomaticComplexity="1" nPathComplexity="0" sequenceCoverage="0" branchCoverage="0" isConstructor="false" isStatic="false" isGetter="false" isSetter="false" crapScore="0">
              <MetadataToken>100663343</MetadataToken>
              <Name>Microsoft.FSharp.Core.Unit &lt;StartupCode$BinaryDefense-Junit-Expecto-TestLogger&gt;.$JunitTestLogger/InitializeImpl@50::Invoke(System.EventHandler`1&lt;Microsoft.VisualStudio.TestPlatform.ObjectModel.Client.TestRunCompleteEventArgs&gt;)</Name>
              <SequencePoints />
              <BranchPoints />
              <MethodPoint vc="0" uspid="100663343" ordinal="0" offset="0" />
            </Method>
          </Methods>
        </Class>
        <Class>
          <Summary numSequencePoints="0" visitedSequencePoints="0" numBranchPoints="0" visitedBranchPoints="0" sequenceCoverage="0" branchCoverage="0" maxCyclomaticComplexity="1" minCyclomaticComplexity="1" visitedClasses="0" numClasses="0" visitedMethods="0" numMethods="1" minCrapScore="0" maxCrapScore="0" />
          <FullName>&lt;StartupCode$BinaryDefense-Junit-Expecto-TestLogger&gt;.$JunitTestLogger/InitializeImpl@50-1</FullName>
          <Methods>
            <Method skippedDueTo="File" visited="false" cyclomaticComplexity="1" nPathComplexity="0" sequenceCoverage="0" branchCoverage="0" isConstructor="false" isStatic="false" isGetter="false" isSetter="false" crapScore="0">
              <MetadataToken>100663345</MetadataToken>
              <Name>Microsoft.FSharp.Core.Unit &lt;StartupCode$BinaryDefense-Junit-Expecto-TestLogger&gt;.$JunitTestLogger/InitializeImpl@50-1::Invoke(System.EventHandler`1&lt;Microsoft.VisualStudio.TestPlatform.ObjectModel.Client.TestRunCompleteEventArgs&gt;)</Name>
              <SequencePoints />
              <BranchPoints />
              <MethodPoint vc="0" uspid="100663345" ordinal="0" offset="0" />
            </Method>
          </Methods>
        </Class>
        <Class>
          <Summary numSequencePoints="0" visitedSequencePoints="0" numBranchPoints="0" visitedBranchPoints="0" sequenceCoverage="0" branchCoverage="0" maxCyclomaticComplexity="1" minCyclomaticComplexity="1" visitedClasses="0" numClasses="0" visitedMethods="0" numMethods="1" minCrapScore="0" maxCrapScore="0" />
          <FullName>&lt;StartupCode$BinaryDefense-Junit-Expecto-TestLogger&gt;.$JunitTestLogger/InitializeImpl@50-3</FullName>
          <Methods>
            <Method visited="false" cyclomaticComplexity="1" nPathComplexity="0" sequenceCoverage="0" branchCoverage="0" isConstructor="true" isStatic="false" isGetter="false" isSetter="false" crapScore="0">
              <Summary numSequencePoints="0" visitedSequencePoints="0" numBranchPoints="0" visitedBranchPoints="0" sequenceCoverage="0" branchCoverage="0" maxCyclomaticComplexity="1" minCyclomaticComplexity="1" visitedClasses="0" numClasses="0" visitedMethods="0" numMethods="0" minCrapScore="0" maxCrapScore="0" />
              <MetadataToken>100663346</MetadataToken>
              <Name>System.Void &lt;StartupCode$BinaryDefense-Junit-Expecto-TestLogger&gt;.$JunitTestLogger/InitializeImpl@50-3::.ctor(Microsoft.FSharp.Core.FSharpFunc`2&lt;System.Object,Microsoft.FSharp.Core.FSharpFunc`2&lt;Microsoft.VisualStudio.TestPlatform.ObjectModel.Client.TestRunCompleteEventArgs,Microsoft.FSharp.Core.Unit&gt;&gt;)</Name>
              <SequencePoints />
              <BranchPoints />
              <MethodPoint vc="0" uspid="100663346" ordinal="0" offset="0" />
            </Method>
            <Method skippedDueTo="File" visited="false" cyclomaticComplexity="1" nPathComplexity="0" sequenceCoverage="0" branchCoverage="0" isConstructor="false" isStatic="false" isGetter="false" isSetter="false" crapScore="0">
              <MetadataToken>100663347</MetadataToken>
              <Name>System.Void &lt;StartupCode$BinaryDefense-Junit-Expecto-TestLogger&gt;.$JunitTestLogger/InitializeImpl@50-3::Invoke(System.Object,Microsoft.VisualStudio.TestPlatform.ObjectModel.Client.TestRunCompleteEventArgs)</Name>
              <SequencePoints />
              <BranchPoints />
              <MethodPoint vc="0" uspid="100663347" ordinal="0" offset="0" />
            </Method>
          </Methods>
        </Class>
        <Class>
          <Summary numSequencePoints="0" visitedSequencePoints="0" numBranchPoints="0" visitedBranchPoints="0" sequenceCoverage="0" branchCoverage="0" maxCyclomaticComplexity="1" minCyclomaticComplexity="1" visitedClasses="0" numClasses="0" visitedMethods="0" numMethods="1" minCrapScore="0" maxCrapScore="0" />
          <FullName>&lt;StartupCode$BinaryDefense-Junit-Expecto-TestLogger&gt;.$JunitTestLogger/InitializeImpl@50-2</FullName>
          <Methods>
            <Method skippedDueTo="File" visited="false" cyclomaticComplexity="1" nPathComplexity="0" sequenceCoverage="0" branchCoverage="0" isConstructor="false" isStatic="false" isGetter="false" isSetter="false" crapScore="0">
              <MetadataToken>100663349</MetadataToken>
              <Name>System.EventHandler`1&lt;Microsoft.VisualStudio.TestPlatform.ObjectModel.Client.TestRunCompleteEventArgs&gt; &lt;StartupCode$BinaryDefense-Junit-Expecto-TestLogger&gt;.$JunitTestLogger/InitializeImpl@50-2::Invoke(Microsoft.FSharp.Core.FSharpFunc`2&lt;System.Object,Microsoft.FSharp.Core.FSharpFunc`2&lt;Microsoft.VisualStudio.TestPlatform.ObjectModel.Client.TestRunCompleteEventArgs,Microsoft.FSharp.Core.Unit&gt;&gt;)</Name>
              <SequencePoints />
              <BranchPoints />
              <MethodPoint vc="0" uspid="100663349" ordinal="0" offset="0" />
            </Method>
          </Methods>
        </Class>
        <Class>
          <Summary numSequencePoints="0" visitedSequencePoints="0" numBranchPoints="0" visitedBranchPoints="0" sequenceCoverage="0" branchCoverage="0" maxCyclomaticComplexity="1" minCyclomaticComplexity="1" visitedClasses="0" numClasses="0" visitedMethods="0" numMethods="1" minCrapScore="0" maxCrapScore="0" />
          <FullName>&lt;StartupCode$BinaryDefense-Junit-Expecto-TestLogger&gt;.$JunitTestLogger/InitializeImpl@50-4</FullName>
          <Methods>
            <Method skippedDueTo="File" visited="false" cyclomaticComplexity="1" nPathComplexity="0" sequenceCoverage="0" branchCoverage="0" isConstructor="false" isStatic="false" isGetter="false" isSetter="false" crapScore="0">
              <MetadataToken>100663351</MetadataToken>
              <Name>Microsoft.FSharp.Core.Unit &lt;StartupCode$BinaryDefense-Junit-Expecto-TestLogger&gt;.$JunitTestLogger/InitializeImpl@50-4::Invoke(Microsoft.VisualStudio.TestPlatform.ObjectModel.Client.TestRunCompleteEventArgs)</Name>
              <SequencePoints />
              <BranchPoints />
              <MethodPoint vc="0" uspid="100663351" ordinal="0" offset="0" />
            </Method>
          </Methods>
        </Class>
        <Class>
          <Summary numSequencePoints="0" visitedSequencePoints="0" numBranchPoints="0" visitedBranchPoints="0" sequenceCoverage="0" branchCoverage="0" maxCyclomaticComplexity="1" minCyclomaticComplexity="1" visitedClasses="0" numClasses="0" visitedMethods="0" numMethods="1" minCrapScore="0" maxCrapScore="0" />
          <FullName>&lt;StartupCode$BinaryDefense-Junit-Expecto-TestLogger&gt;.$JunitTestLogger/InitializeImpl@51-5</FullName>
          <Methods>
            <Method skippedDueTo="File" visited="false" cyclomaticComplexity="1" nPathComplexity="0" sequenceCoverage="0" branchCoverage="0" isConstructor="false" isStatic="false" isGetter="false" isSetter="false" crapScore="0">
              <MetadataToken>100663353</MetadataToken>
              <Name>Microsoft.FSharp.Core.Unit &lt;StartupCode$BinaryDefense-Junit-Expecto-TestLogger&gt;.$JunitTestLogger/InitializeImpl@51-5::Invoke(System.EventHandler`1&lt;Microsoft.VisualStudio.TestPlatform.ObjectModel.Logging.TestResultEventArgs&gt;)</Name>
              <SequencePoints />
              <BranchPoints />
              <MethodPoint vc="0" uspid="100663353" ordinal="0" offset="0" />
            </Method>
          </Methods>
        </Class>
        <Class>
          <Summary numSequencePoints="0" visitedSequencePoints="0" numBranchPoints="0" visitedBranchPoints="0" sequenceCoverage="0" branchCoverage="0" maxCyclomaticComplexity="1" minCyclomaticComplexity="1" visitedClasses="0" numClasses="0" visitedMethods="0" numMethods="1" minCrapScore="0" maxCrapScore="0" />
          <FullName>&lt;StartupCode$BinaryDefense-Junit-Expecto-TestLogger&gt;.$JunitTestLogger/InitializeImpl@51-6</FullName>
          <Methods>
            <Method skippedDueTo="File" visited="false" cyclomaticComplexity="1" nPathComplexity="0" sequenceCoverage="0" branchCoverage="0" isConstructor="false" isStatic="false" isGetter="false" isSetter="false" crapScore="0">
              <MetadataToken>100663355</MetadataToken>
              <Name>Microsoft.FSharp.Core.Unit &lt;StartupCode$BinaryDefense-Junit-Expecto-TestLogger&gt;.$JunitTestLogger/InitializeImpl@51-6::Invoke(System.EventHandler`1&lt;Microsoft.VisualStudio.TestPlatform.ObjectModel.Logging.TestResultEventArgs&gt;)</Name>
              <SequencePoints />
              <BranchPoints />
              <MethodPoint vc="0" uspid="100663355" ordinal="0" offset="0" />
            </Method>
          </Methods>
        </Class>
        <Class>
          <Summary numSequencePoints="0" visitedSequencePoints="0" numBranchPoints="0" visitedBranchPoints="0" sequenceCoverage="0" branchCoverage="0" maxCyclomaticComplexity="1" minCyclomaticComplexity="1" visitedClasses="0" numClasses="0" visitedMethods="0" numMethods="1" minCrapScore="0" maxCrapScore="0" />
          <FullName>&lt;StartupCode$BinaryDefense-Junit-Expecto-TestLogger&gt;.$JunitTestLogger/InitializeImpl@51-8</FullName>
          <Methods>
            <Method visited="false" cyclomaticComplexity="1" nPathComplexity="0" sequenceCoverage="0" branchCoverage="0" isConstructor="true" isStatic="false" isGetter="false" isSetter="false" crapScore="0">
              <Summary numSequencePoints="0" visitedSequencePoints="0" numBranchPoints="0" visitedBranchPoints="0" sequenceCoverage="0" branchCoverage="0" maxCyclomaticComplexity="1" minCyclomaticComplexity="1" visitedClasses="0" numClasses="0" visitedMethods="0" numMethods="0" minCrapScore="0" maxCrapScore="0" />
              <MetadataToken>100663356</MetadataToken>
              <Name>System.Void &lt;StartupCode$BinaryDefense-Junit-Expecto-TestLogger&gt;.$JunitTestLogger/InitializeImpl@51-8::.ctor(Microsoft.FSharp.Core.FSharpFunc`2&lt;System.Object,Microsoft.FSharp.Core.FSharpFunc`2&lt;Microsoft.VisualStudio.TestPlatform.ObjectModel.Logging.TestResultEventArgs,Microsoft.FSharp.Core.Unit&gt;&gt;)</Name>
              <SequencePoints />
              <BranchPoints />
              <MethodPoint vc="0" uspid="100663356" ordinal="0" offset="0" />
            </Method>
            <Method skippedDueTo="File" visited="false" cyclomaticComplexity="1" nPathComplexity="0" sequenceCoverage="0" branchCoverage="0" isConstructor="false" isStatic="false" isGetter="false" isSetter="false" crapScore="0">
              <MetadataToken>100663357</MetadataToken>
              <Name>System.Void &lt;StartupCode$BinaryDefense-Junit-Expecto-TestLogger&gt;.$JunitTestLogger/InitializeImpl@51-8::Invoke(System.Object,Microsoft.VisualStudio.TestPlatform.ObjectModel.Logging.TestResultEventArgs)</Name>
              <SequencePoints />
              <BranchPoints />
              <MethodPoint vc="0" uspid="100663357" ordinal="0" offset="0" />
            </Method>
          </Methods>
        </Class>
        <Class>
          <Summary numSequencePoints="0" visitedSequencePoints="0" numBranchPoints="0" visitedBranchPoints="0" sequenceCoverage="0" branchCoverage="0" maxCyclomaticComplexity="1" minCyclomaticComplexity="1" visitedClasses="0" numClasses="0" visitedMethods="0" numMethods="1" minCrapScore="0" maxCrapScore="0" />
          <FullName>&lt;StartupCode$BinaryDefense-Junit-Expecto-TestLogger&gt;.$JunitTestLogger/InitializeImpl@51-7</FullName>
          <Methods>
            <Method skippedDueTo="File" visited="false" cyclomaticComplexity="1" nPathComplexity="0" sequenceCoverage="0" branchCoverage="0" isConstructor="false" isStatic="false" isGetter="false" isSetter="false" crapScore="0">
              <MetadataToken>100663359</MetadataToken>
              <Name>System.EventHandler`1&lt;Microsoft.VisualStudio.TestPlatform.ObjectModel.Logging.TestResultEventArgs&gt; &lt;StartupCode$BinaryDefense-Junit-Expecto-TestLogger&gt;.$JunitTestLogger/InitializeImpl@51-7::Invoke(Microsoft.FSharp.Core.FSharpFunc`2&lt;System.Object,Microsoft.FSharp.Core.FSharpFunc`2&lt;Microsoft.VisualStudio.TestPlatform.ObjectModel.Logging.TestResultEventArgs,Microsoft.FSharp.Core.Unit&gt;&gt;)</Name>
              <SequencePoints />
              <BranchPoints />
              <MethodPoint vc="0" uspid="100663359" ordinal="0" offset="0" />
            </Method>
          </Methods>
        </Class>
        <Class>
          <Summary numSequencePoints="0" visitedSequencePoints="0" numBranchPoints="0" visitedBranchPoints="0" sequenceCoverage="0" branchCoverage="0" maxCyclomaticComplexity="1" minCyclomaticComplexity="1" visitedClasses="0" numClasses="0" visitedMethods="0" numMethods="1" minCrapScore="0" maxCrapScore="0" />
          <FullName>&lt;StartupCode$BinaryDefense-Junit-Expecto-TestLogger&gt;.$JunitTestLogger/InitializeImpl@51-9</FullName>
          <Methods>
            <Method skippedDueTo="File" visited="false" cyclomaticComplexity="1" nPathComplexity="0" sequenceCoverage="0" branchCoverage="0" isConstructor="false" isStatic="false" isGetter="false" isSetter="false" crapScore="0">
              <MetadataToken>100663361</MetadataToken>
              <Name>Microsoft.FSharp.Core.Unit &lt;StartupCode$BinaryDefense-Junit-Expecto-TestLogger&gt;.$JunitTestLogger/InitializeImpl@51-9::Invoke(Microsoft.VisualStudio.TestPlatform.ObjectModel.Logging.TestResultEventArgs)</Name>
              <SequencePoints />
              <BranchPoints />
              <MethodPoint vc="0" uspid="100663361" ordinal="0" offset="0" />
            </Method>
          </Methods>
        </Class>
        <Class>
          <Summary numSequencePoints="0" visitedSequencePoints="0" numBranchPoints="0" visitedBranchPoints="0" sequenceCoverage="0" branchCoverage="0" maxCyclomaticComplexity="1" minCyclomaticComplexity="1" visitedClasses="0" numClasses="0" visitedMethods="0" numMethods="1" minCrapScore="0" maxCrapScore="0" />
          <FullName>&lt;StartupCode$BinaryDefense-Junit-Expecto-TestLogger&gt;.$JunitTestLogger/InitializeImpl@52-10</FullName>
          <Methods>
            <Method skippedDueTo="File" visited="false" cyclomaticComplexity="1" nPathComplexity="0" sequenceCoverage="0" branchCoverage="0" isConstructor="false" isStatic="false" isGetter="false" isSetter="false" crapScore="0">
              <MetadataToken>100663363</MetadataToken>
              <Name>Microsoft.FSharp.Core.Unit &lt;StartupCode$BinaryDefense-Junit-Expecto-TestLogger&gt;.$JunitTestLogger/InitializeImpl@52-10::Invoke(System.EventHandler`1&lt;Microsoft.VisualStudio.TestPlatform.ObjectModel.Logging.TestRunMessageEventArgs&gt;)</Name>
              <SequencePoints />
              <BranchPoints />
              <MethodPoint vc="0" uspid="100663363" ordinal="0" offset="0" />
            </Method>
          </Methods>
        </Class>
        <Class>
          <Summary numSequencePoints="0" visitedSequencePoints="0" numBranchPoints="0" visitedBranchPoints="0" sequenceCoverage="0" branchCoverage="0" maxCyclomaticComplexity="1" minCyclomaticComplexity="1" visitedClasses="0" numClasses="0" visitedMethods="0" numMethods="1" minCrapScore="0" maxCrapScore="0" />
          <FullName>&lt;StartupCode$BinaryDefense-Junit-Expecto-TestLogger&gt;.$JunitTestLogger/InitializeImpl@52-11</FullName>
          <Methods>
            <Method skippedDueTo="File" visited="false" cyclomaticComplexity="1" nPathComplexity="0" sequenceCoverage="0" branchCoverage="0" isConstructor="false" isStatic="false" isGetter="false" isSetter="false" crapScore="0">
              <MetadataToken>100663365</MetadataToken>
              <Name>Microsoft.FSharp.Core.Unit &lt;StartupCode$BinaryDefense-Junit-Expecto-TestLogger&gt;.$JunitTestLogger/InitializeImpl@52-11::Invoke(System.EventHandler`1&lt;Microsoft.VisualStudio.TestPlatform.ObjectModel.Logging.TestRunMessageEventArgs&gt;)</Name>
              <SequencePoints />
              <BranchPoints />
              <MethodPoint vc="0" uspid="100663365" ordinal="0" offset="0" />
            </Method>
          </Methods>
        </Class>
        <Class>
          <Summary numSequencePoints="0" visitedSequencePoints="0" numBranchPoints="0" visitedBranchPoints="0" sequenceCoverage="0" branchCoverage="0" maxCyclomaticComplexity="1" minCyclomaticComplexity="1" visitedClasses="0" numClasses="0" visitedMethods="0" numMethods="1" minCrapScore="0" maxCrapScore="0" />
          <FullName>&lt;StartupCode$BinaryDefense-Junit-Expecto-TestLogger&gt;.$JunitTestLogger/InitializeImpl@52-13</FullName>
          <Methods>
            <Method visited="false" cyclomaticComplexity="1" nPathComplexity="0" sequenceCoverage="0" branchCoverage="0" isConstructor="true" isStatic="false" isGetter="false" isSetter="false" crapScore="0">
              <Summary numSequencePoints="0" visitedSequencePoints="0" numBranchPoints="0" visitedBranchPoints="0" sequenceCoverage="0" branchCoverage="0" maxCyclomaticComplexity="1" minCyclomaticComplexity="1" visitedClasses="0" numClasses="0" visitedMethods="0" numMethods="0" minCrapScore="0" maxCrapScore="0" />
              <MetadataToken>100663366</MetadataToken>
              <Name>System.Void &lt;StartupCode$BinaryDefense-Junit-Expecto-TestLogger&gt;.$JunitTestLogger/InitializeImpl@52-13::.ctor(Microsoft.FSharp.Core.FSharpFunc`2&lt;System.Object,Microsoft.FSharp.Core.FSharpFunc`2&lt;Microsoft.VisualStudio.TestPlatform.ObjectModel.Logging.TestRunMessageEventArgs,Microsoft.FSharp.Core.Unit&gt;&gt;)</Name>
              <SequencePoints />
              <BranchPoints />
              <MethodPoint vc="0" uspid="100663366" ordinal="0" offset="0" />
            </Method>
            <Method skippedDueTo="File" visited="false" cyclomaticComplexity="1" nPathComplexity="0" sequenceCoverage="0" branchCoverage="0" isConstructor="false" isStatic="false" isGetter="false" isSetter="false" crapScore="0">
              <MetadataToken>100663367</MetadataToken>
              <Name>System.Void &lt;StartupCode$BinaryDefense-Junit-Expecto-TestLogger&gt;.$JunitTestLogger/InitializeImpl@52-13::Invoke(System.Object,Microsoft.VisualStudio.TestPlatform.ObjectModel.Logging.TestRunMessageEventArgs)</Name>
              <SequencePoints />
              <BranchPoints />
              <MethodPoint vc="0" uspid="100663367" ordinal="0" offset="0" />
            </Method>
          </Methods>
        </Class>
        <Class>
          <Summary numSequencePoints="0" visitedSequencePoints="0" numBranchPoints="0" visitedBranchPoints="0" sequenceCoverage="0" branchCoverage="0" maxCyclomaticComplexity="1" minCyclomaticComplexity="1" visitedClasses="0" numClasses="0" visitedMethods="0" numMethods="1" minCrapScore="0" maxCrapScore="0" />
          <FullName>&lt;StartupCode$BinaryDefense-Junit-Expecto-TestLogger&gt;.$JunitTestLogger/InitializeImpl@52-12</FullName>
          <Methods>
            <Method skippedDueTo="File" visited="false" cyclomaticComplexity="1" nPathComplexity="0" sequenceCoverage="0" branchCoverage="0" isConstructor="false" isStatic="false" isGetter="false" isSetter="false" crapScore="0">
              <MetadataToken>100663369</MetadataToken>
              <Name>System.EventHandler`1&lt;Microsoft.VisualStudio.TestPlatform.ObjectModel.Logging.TestRunMessageEventArgs&gt; &lt;StartupCode$BinaryDefense-Junit-Expecto-TestLogger&gt;.$JunitTestLogger/InitializeImpl@52-12::Invoke(Microsoft.FSharp.Core.FSharpFunc`2&lt;System.Object,Microsoft.FSharp.Core.FSharpFunc`2&lt;Microsoft.VisualStudio.TestPlatform.ObjectModel.Logging.TestRunMessageEventArgs,Microsoft.FSharp.Core.Unit&gt;&gt;)</Name>
              <SequencePoints />
              <BranchPoints />
              <MethodPoint vc="0" uspid="100663369" ordinal="0" offset="0" />
            </Method>
          </Methods>
        </Class>
        <Class>
          <Summary numSequencePoints="0" visitedSequencePoints="0" numBranchPoints="0" visitedBranchPoints="0" sequenceCoverage="0" branchCoverage="0" maxCyclomaticComplexity="1" minCyclomaticComplexity="1" visitedClasses="0" numClasses="0" visitedMethods="0" numMethods="1" minCrapScore="0" maxCrapScore="0" />
          <FullName>&lt;StartupCode$BinaryDefense-Junit-Expecto-TestLogger&gt;.$JunitTestLogger/InitializeImpl@52-14</FullName>
          <Methods>
            <Method skippedDueTo="File" visited="false" cyclomaticComplexity="1" nPathComplexity="0" sequenceCoverage="0" branchCoverage="0" isConstructor="false" isStatic="false" isGetter="false" isSetter="false" crapScore="0">
              <MetadataToken>100663371</MetadataToken>
              <Name>Microsoft.FSharp.Core.Unit &lt;StartupCode$BinaryDefense-Junit-Expecto-TestLogger&gt;.$JunitTestLogger/InitializeImpl@52-14::Invoke(Microsoft.VisualStudio.TestPlatform.ObjectModel.Logging.TestRunMessageEventArgs)</Name>
              <SequencePoints />
              <BranchPoints />
              <MethodPoint vc="0" uspid="100663371" ordinal="0" offset="0" />
            </Method>
          </Methods>
        </Class>
        <Class>
          <Summary numSequencePoints="0" visitedSequencePoints="0" numBranchPoints="0" visitedBranchPoints="0" sequenceCoverage="0" branchCoverage="0" maxCyclomaticComplexity="1" minCyclomaticComplexity="1" visitedClasses="0" numClasses="0" visitedMethods="0" numMethods="1" minCrapScore="0" maxCrapScore="0" />
          <FullName>&lt;StartupCode$BinaryDefense-Junit-Expecto-TestLogger&gt;.$JunitTestLogger/InitializeImpl@53-15</FullName>
          <Methods>
            <Method skippedDueTo="File" visited="false" cyclomaticComplexity="1" nPathComplexity="0" sequenceCoverage="0" branchCoverage="0" isConstructor="false" isStatic="false" isGetter="false" isSetter="false" crapScore="0">
              <MetadataToken>100663373</MetadataToken>
              <Name>Microsoft.FSharp.Core.Unit &lt;StartupCode$BinaryDefense-Junit-Expecto-TestLogger&gt;.$JunitTestLogger/InitializeImpl@53-15::Invoke(System.EventHandler`1&lt;Microsoft.VisualStudio.TestPlatform.ObjectModel.Client.TestRunStartEventArgs&gt;)</Name>
              <SequencePoints />
              <BranchPoints />
              <MethodPoint vc="0" uspid="100663373" ordinal="0" offset="0" />
            </Method>
          </Methods>
        </Class>
        <Class>
          <Summary numSequencePoints="0" visitedSequencePoints="0" numBranchPoints="0" visitedBranchPoints="0" sequenceCoverage="0" branchCoverage="0" maxCyclomaticComplexity="1" minCyclomaticComplexity="1" visitedClasses="0" numClasses="0" visitedMethods="0" numMethods="1" minCrapScore="0" maxCrapScore="0" />
          <FullName>&lt;StartupCode$BinaryDefense-Junit-Expecto-TestLogger&gt;.$JunitTestLogger/InitializeImpl@53-16</FullName>
          <Methods>
            <Method skippedDueTo="File" visited="false" cyclomaticComplexity="1" nPathComplexity="0" sequenceCoverage="0" branchCoverage="0" isConstructor="false" isStatic="false" isGetter="false" isSetter="false" crapScore="0">
              <MetadataToken>100663375</MetadataToken>
              <Name>Microsoft.FSharp.Core.Unit &lt;StartupCode$BinaryDefense-Junit-Expecto-TestLogger&gt;.$JunitTestLogger/InitializeImpl@53-16::Invoke(System.EventHandler`1&lt;Microsoft.VisualStudio.TestPlatform.ObjectModel.Client.TestRunStartEventArgs&gt;)</Name>
              <SequencePoints />
              <BranchPoints />
              <MethodPoint vc="0" uspid="100663375" ordinal="0" offset="0" />
            </Method>
          </Methods>
        </Class>
        <Class>
          <Summary numSequencePoints="0" visitedSequencePoints="0" numBranchPoints="0" visitedBranchPoints="0" sequenceCoverage="0" branchCoverage="0" maxCyclomaticComplexity="1" minCyclomaticComplexity="1" visitedClasses="0" numClasses="0" visitedMethods="0" numMethods="1" minCrapScore="0" maxCrapScore="0" />
          <FullName>&lt;StartupCode$BinaryDefense-Junit-Expecto-TestLogger&gt;.$JunitTestLogger/InitializeImpl@53-18</FullName>
          <Methods>
            <Method visited="false" cyclomaticComplexity="1" nPathComplexity="0" sequenceCoverage="0" branchCoverage="0" isConstructor="true" isStatic="false" isGetter="false" isSetter="false" crapScore="0">
              <Summary numSequencePoints="0" visitedSequencePoints="0" numBranchPoints="0" visitedBranchPoints="0" sequenceCoverage="0" branchCoverage="0" maxCyclomaticComplexity="1" minCyclomaticComplexity="1" visitedClasses="0" numClasses="0" visitedMethods="0" numMethods="0" minCrapScore="0" maxCrapScore="0" />
              <MetadataToken>100663376</MetadataToken>
              <Name>System.Void &lt;StartupCode$BinaryDefense-Junit-Expecto-TestLogger&gt;.$JunitTestLogger/InitializeImpl@53-18::.ctor(Microsoft.FSharp.Core.FSharpFunc`2&lt;System.Object,Microsoft.FSharp.Core.FSharpFunc`2&lt;Microsoft.VisualStudio.TestPlatform.ObjectModel.Client.TestRunStartEventArgs,Microsoft.FSharp.Core.Unit&gt;&gt;)</Name>
              <SequencePoints />
              <BranchPoints />
              <MethodPoint vc="0" uspid="100663376" ordinal="0" offset="0" />
            </Method>
            <Method skippedDueTo="File" visited="false" cyclomaticComplexity="1" nPathComplexity="0" sequenceCoverage="0" branchCoverage="0" isConstructor="false" isStatic="false" isGetter="false" isSetter="false" crapScore="0">
              <MetadataToken>100663377</MetadataToken>
              <Name>System.Void &lt;StartupCode$BinaryDefense-Junit-Expecto-TestLogger&gt;.$JunitTestLogger/InitializeImpl@53-18::Invoke(System.Object,Microsoft.VisualStudio.TestPlatform.ObjectModel.Client.TestRunStartEventArgs)</Name>
              <SequencePoints />
              <BranchPoints />
              <MethodPoint vc="0" uspid="100663377" ordinal="0" offset="0" />
            </Method>
          </Methods>
        </Class>
        <Class>
          <Summary numSequencePoints="0" visitedSequencePoints="0" numBranchPoints="0" visitedBranchPoints="0" sequenceCoverage="0" branchCoverage="0" maxCyclomaticComplexity="1" minCyclomaticComplexity="1" visitedClasses="0" numClasses="0" visitedMethods="0" numMethods="1" minCrapScore="0" maxCrapScore="0" />
          <FullName>&lt;StartupCode$BinaryDefense-Junit-Expecto-TestLogger&gt;.$JunitTestLogger/InitializeImpl@53-17</FullName>
          <Methods>
            <Method skippedDueTo="File" visited="false" cyclomaticComplexity="1" nPathComplexity="0" sequenceCoverage="0" branchCoverage="0" isConstructor="false" isStatic="false" isGetter="false" isSetter="false" crapScore="0">
              <MetadataToken>100663379</MetadataToken>
              <Name>System.EventHandler`1&lt;Microsoft.VisualStudio.TestPlatform.ObjectModel.Client.TestRunStartEventArgs&gt; &lt;StartupCode$BinaryDefense-Junit-Expecto-TestLogger&gt;.$JunitTestLogger/InitializeImpl@53-17::Invoke(Microsoft.FSharp.Core.FSharpFunc`2&lt;System.Object,Microsoft.FSharp.Core.FSharpFunc`2&lt;Microsoft.VisualStudio.TestPlatform.ObjectModel.Client.TestRunStartEventArgs,Microsoft.FSharp.Core.Unit&gt;&gt;)</Name>
              <SequencePoints />
              <BranchPoints />
              <MethodPoint vc="0" uspid="100663379" ordinal="0" offset="0" />
            </Method>
          </Methods>
        </Class>
        <Class>
          <Summary numSequencePoints="0" visitedSequencePoints="0" numBranchPoints="0" visitedBranchPoints="0" sequenceCoverage="0" branchCoverage="0" maxCyclomaticComplexity="1" minCyclomaticComplexity="1" visitedClasses="0" numClasses="0" visitedMethods="0" numMethods="1" minCrapScore="0" maxCrapScore="0" />
          <FullName>&lt;StartupCode$BinaryDefense-Junit-Expecto-TestLogger&gt;.$JunitTestLogger/InitializeImpl@53-19</FullName>
          <Methods>
            <Method skippedDueTo="File" visited="false" cyclomaticComplexity="1" nPathComplexity="0" sequenceCoverage="0" branchCoverage="0" isConstructor="false" isStatic="false" isGetter="false" isSetter="false" crapScore="0">
              <MetadataToken>100663381</MetadataToken>
              <Name>Microsoft.FSharp.Core.Unit &lt;StartupCode$BinaryDefense-Junit-Expecto-TestLogger&gt;.$JunitTestLogger/InitializeImpl@53-19::Invoke(Microsoft.VisualStudio.TestPlatform.ObjectModel.Client.TestRunStartEventArgs)</Name>
              <SequencePoints />
              <BranchPoints />
              <MethodPoint vc="0" uspid="100663381" ordinal="0" offset="0" />
            </Method>
          </Methods>
        </Class>
        <Class>
          <Summary numSequencePoints="0" visitedSequencePoints="0" numBranchPoints="0" visitedBranchPoints="0" sequenceCoverage="0" branchCoverage="0" maxCyclomaticComplexity="1" minCyclomaticComplexity="1" visitedClasses="0" numClasses="0" visitedMethods="0" numMethods="1" minCrapScore="0" maxCrapScore="0" />
          <FullName>&lt;StartupCode$BinaryDefense-Junit-Expecto-TestLogger&gt;.$JunitTestLogger/paramsList@80</FullName>
          <Methods>
            <Method skippedDueTo="File" visited="false" cyclomaticComplexity="1" nPathComplexity="0" sequenceCoverage="0" branchCoverage="0" isConstructor="false" isStatic="false" isGetter="false" isSetter="false" crapScore="0">
              <MetadataToken>100663383</MetadataToken>
              <Name>System.Tuple`2&lt;System.String,System.String&gt; &lt;StartupCode$BinaryDefense-Junit-Expecto-TestLogger&gt;.$JunitTestLogger/paramsList@80::Invoke(System.Collections.Generic.KeyValuePair`2&lt;System.String,System.String&gt;)</Name>
              <SequencePoints />
              <BranchPoints />
              <MethodPoint vc="0" uspid="100663383" ordinal="0" offset="0" />
            </Method>
          </Methods>
        </Class>
        <Class>
          <Summary numSequencePoints="0" visitedSequencePoints="0" numBranchPoints="0" visitedBranchPoints="0" sequenceCoverage="0" branchCoverage="0" maxCyclomaticComplexity="1" minCyclomaticComplexity="1" visitedClasses="0" numClasses="0" visitedMethods="0" numMethods="1" minCrapScore="0" maxCrapScore="0" />
          <FullName>&lt;StartupCode$BinaryDefense-Junit-Expecto-TestLogger&gt;.$JunitTestLogger/Microsoft-VisualStudio-TestPlatform-ObjectModel-Client-ITestLoggerWithParameters-Initialize@84</FullName>
          <Methods>
            <Method skippedDueTo="File" visited="false" cyclomaticComplexity="1" nPathComplexity="0" sequenceCoverage="0" branchCoverage="0" isConstructor="false" isStatic="false" isGetter="false" isSetter="false" crapScore="0">
              <MetadataToken>100663385</MetadataToken>
              <Name>Microsoft.FSharp.Core.Unit &lt;StartupCode$BinaryDefense-Junit-Expecto-TestLogger&gt;.$JunitTestLogger/Microsoft-VisualStudio-TestPlatform-ObjectModel-Client-ITestLoggerWithParameters-Initialize@84::Invoke(System.Tuple`2&lt;System.String,System.String&gt;)</Name>
              <SequencePoints />
              <BranchPoints />
              <MethodPoint vc="0" uspid="100663385" ordinal="0" offset="0" />
            </Method>
          </Methods>
        </Class>
        <Class>
          <Summary numSequencePoints="0" visitedSequencePoints="0" numBranchPoints="0" visitedBranchPoints="0" sequenceCoverage="0" branchCoverage="0" maxCyclomaticComplexity="1" minCyclomaticComplexity="1" visitedClasses="0" numClasses="0" visitedMethods="0" numMethods="1" minCrapScore="0" maxCrapScore="0" />
          <FullName>&lt;StartupCode$BinaryDefense-Junit-Expecto-TestLogger&gt;.$JunitTestLogger/paramsMap@88</FullName>
          <Methods>
            <Method skippedDueTo="File" visited="false" cyclomaticComplexity="1" nPathComplexity="0" sequenceCoverage="0" branchCoverage="0" isConstructor="false" isStatic="false" isGetter="false" isSetter="false" crapScore="0">
              <MetadataToken>100663387</MetadataToken>
              <Name>System.Tuple`2&lt;System.String,System.String&gt; &lt;StartupCode$BinaryDefense-Junit-Expecto-TestLogger&gt;.$JunitTestLogger/paramsMap@88::Invoke(System.Tuple`2&lt;System.String,System.String&gt;)</Name>
              <SequencePoints />
              <BranchPoints />
              <MethodPoint vc="0" uspid="100663387" ordinal="0" offset="0" />
            </Method>
          </Methods>
        </Class>
        <Class>
          <Summary numSequencePoints="13" visitedSequencePoints="13" numBranchPoints="4" visitedBranchPoints="3" sequenceCoverage="100" branchCoverage="75" maxCyclomaticComplexity="3" minCyclomaticComplexity="1" visitedClasses="1" numClasses="1" visitedMethods="2" numMethods="2" minCrapScore="2" maxCrapScore="3" />
          <FullName>BinaryDefense.Junit.Expecto.TestLogger.Xml.XmlWriter</FullName>
          <Methods>
            <Method visited="true" cyclomaticComplexity="2" nPathComplexity="2" sequenceCoverage="100" branchCoverage="100" isConstructor="false" isStatic="true" isGetter="false" isSetter="false" crapScore="2">
              <Summary numSequencePoints="4" visitedSequencePoints="4" numBranchPoints="3" visitedBranchPoints="3" sequenceCoverage="100" branchCoverage="100" maxCyclomaticComplexity="2" minCyclomaticComplexity="2" visitedClasses="0" numClasses="0" visitedMethods="1" numMethods="1" minCrapScore="2" maxCrapScore="2" />
              <MetadataToken>100663388</MetadataToken>
              <Name>System.IO.DirectoryInfo BinaryDefense.Junit.Expecto.TestLogger.Xml.XmlWriter::checkDir(System.String)</Name>
              <FileRef uid="2" />
              <SequencePoints>
                <SequencePoint vc="3" uspid="70" ordinal="0" offset="0" sl="156" sc="5" el="156" ec="46" bec="0" bev="0" fileid="2" />
                <SequencePoint vc="3" uspid="69" ordinal="1" offset="7" sl="157" sc="5" el="157" ec="40" bec="2" bev="2" fileid="2" />
                <SequencePoint vc="2" uspid="68" ordinal="2" offset="15" sl="159" sc="15" el="159" ec="36" bec="0" bev="0" fileid="2" />
                <SequencePoint vc="1" uspid="67" ordinal="3" offset="22" sl="158" sc="16" el="158" ec="50" bec="0" bev="0" fileid="2" />
              </SequencePoints>
              <BranchPoints>
                <BranchPoint vc="2" uspid="10" ordinal="0" offset="13" sl="157" path="0" offsetend="15" fileid="2" />
                <BranchPoint vc="1" uspid="11" ordinal="1" offset="13" sl="157" path="1" offsetend="22" fileid="2" />
              </BranchPoints>
              <MethodPoint xsi:type="SequencePoint" vc="3" uspid="70" ordinal="0" offset="0" sl="156" sc="5" el="156" ec="46" bec="0" bev="0" fileid="2" />
            </Method>
            <Method visited="true" cyclomaticComplexity="3" nPathComplexity="0" sequenceCoverage="100" branchCoverage="0" isConstructor="false" isStatic="true" isGetter="false" isSetter="false" crapScore="3">
              <Summary numSequencePoints="9" visitedSequencePoints="9" numBranchPoints="1" visitedBranchPoints="0" sequenceCoverage="100" branchCoverage="0" maxCyclomaticComplexity="3" minCyclomaticComplexity="3" visitedClasses="0" numClasses="0" visitedMethods="1" numMethods="1" minCrapScore="3" maxCrapScore="3" />
              <MetadataToken>100663389</MetadataToken>
              <Name>System.String BinaryDefense.Junit.Expecto.TestLogger.Xml.XmlWriter::writeXmlFile(BinaryDefense.Junit.Expecto.TestLogger.Parameters,System.Xml.Linq.XDocument)</Name>
              <FileRef uid="2" />
              <SequencePoints>
                <SequencePoint vc="3" uspid="79" ordinal="0" offset="0" sl="162" sc="5" el="162" ec="45" bec="0" bev="0" fileid="2" />
                <SequencePoint vc="3" uspid="78" ordinal="1" offset="6" sl="163" sc="5" el="163" ec="58" bec="0" bev="0" fileid="2" />
                <SequencePoint vc="3" uspid="77" ordinal="2" offset="17" sl="164" sc="5" el="164" ec="34" bec="0" bev="0" fileid="2" />
                <SequencePoint vc="3" uspid="76" ordinal="3" offset="24" sl="166" sc="5" el="166" ec="41" bec="0" bev="0" fileid="2" />
                <SequencePoint vc="3" uspid="75" ordinal="4" offset="31" sl="167" sc="5" el="167" ec="28" bec="0" bev="0" fileid="2" />
                <SequencePoint vc="3" uspid="74" ordinal="5" offset="38" sl="169" sc="5" el="169" ec="33" bec="0" bev="0" fileid="2" />
                <SequencePoint vc="3" uspid="73" ordinal="6" offset="45" sl="170" sc="5" el="170" ec="56" bec="0" bev="0" fileid="2" />
                <SequencePoint vc="3" uspid="72" ordinal="7" offset="54" sl="171" sc="5" el="171" ec="21" bec="0" bev="0" fileid="2" />
                <SequencePoint vc="3" uspid="71" ordinal="8" offset="62" sl="173" sc="30" el="173" ec="137" bec="0" bev="0" fileid="2" />
              </SequencePoints>
              <BranchPoints />
              <MethodPoint xsi:type="SequencePoint" vc="3" uspid="79" ordinal="0" offset="0" sl="162" sc="5" el="162" ec="45" bec="0" bev="0" fileid="2" />
            </Method>
          </Methods>
        </Class>
        <Class>
          <Summary numSequencePoints="32" visitedSequencePoints="21" numBranchPoints="24" visitedBranchPoints="9" sequenceCoverage="65.62" branchCoverage="37.5" maxCyclomaticComplexity="6" minCyclomaticComplexity="1" visitedClasses="1" numClasses="1" visitedMethods="6" numMethods="10" minCrapScore="1" maxCrapScore="6" />
          <FullName>BinaryDefense.Junit.Expecto.TestLogger.Xml.XmlBuilder</FullName>
          <Methods>
            <Method visited="false" cyclomaticComplexity="2" nPathComplexity="2" sequenceCoverage="0" branchCoverage="0" isConstructor="false" isStatic="true" isGetter="false" isSetter="false" crapScore="0">
              <Summary numSequencePoints="3" visitedSequencePoints="0" numBranchPoints="3" visitedBranchPoints="0" sequenceCoverage="0" branchCoverage="0" maxCyclomaticComplexity="2" minCyclomaticComplexity="2" visitedClasses="0" numClasses="0" visitedMethods="0" numMethods="1" minCrapScore="0" maxCrapScore="0" />
              <MetadataToken>100663390</MetadataToken>
              <Name>System.String BinaryDefense.Junit.Expecto.TestLogger.Xml.XmlBuilder::strMaybe(System.String)</Name>
              <FileRef uid="2" />
              <SequencePoints>
                <SequencePoint vc="0" uspid="82" ordinal="0" offset="0" sl="15" sc="31" el="15" ec="47" bec="2" bev="0" fileid="2" />
                <SequencePoint vc="0" uspid="81" ordinal="1" offset="3" sl="15" sc="56" el="15" ec="57" bec="0" bev="0" fileid="2" />
                <SequencePoint vc="0" uspid="80" ordinal="2" offset="5" sl="15" sc="48" el="15" ec="50" bec="0" bev="0" fileid="2" />
              </SequencePoints>
              <BranchPoints>
                <BranchPoint vc="0" uspid="12" ordinal="0" offset="1" sl="15" path="0" offsetend="3" fileid="2" />
                <BranchPoint vc="0" uspid="13" ordinal="1" offset="1" sl="15" path="1" offsetend="5" fileid="2" />
              </BranchPoints>
              <MethodPoint xsi:type="SequencePoint" vc="0" uspid="82" ordinal="0" offset="0" sl="15" sc="31" el="15" ec="47" bec="2" bev="0" fileid="2" />
            </Method>
            <Method visited="true" cyclomaticComplexity="3" nPathComplexity="4" sequenceCoverage="100" branchCoverage="80" isConstructor="false" isStatic="true" isGetter="false" isSetter="false" crapScore="3">
              <Summary numSequencePoints="5" visitedSequencePoints="5" numBranchPoints="5" visitedBranchPoints="4" sequenceCoverage="100" branchCoverage="80" maxCyclomaticComplexity="3" minCyclomaticComplexity="3" visitedClasses="0" numClasses="0" visitedMethods="1" numMethods="1" minCrapScore="3" maxCrapScore="3" />
              <MetadataToken>100663391</MetadataToken>
              <Name>System.String BinaryDefense.Junit.Expecto.TestLogger.Xml.XmlBuilder::purgeString(System.String)</Name>
              <FileRef uid="2" />
              <SequencePoints>
                <SequencePoint vc="116" uspid="87" ordinal="0" offset="0" sl="18" sc="5" el="18" ec="31" bec="4" bev="3" fileid="2" />
                <SequencePoint vc="6" uspid="86" ordinal="1" offset="16" sl="19" sc="7" el="19" ec="9" bec="0" bev="0" fileid="2" />
                <SequencePoint vc="110" uspid="85" ordinal="2" offset="22" sl="21" sc="7" el="21" ec="43" bec="0" bev="0" fileid="2" />
                <SequencePoint vc="110" uspid="84" ordinal="3" offset="28" sl="22" sc="7" el="29" ec="8" bec="0" bev="0" fileid="2" />
                <SequencePoint vc="110" uspid="83" ordinal="4" offset="48" sl="30" sc="7" el="30" ec="20" bec="0" bev="0" fileid="2" />
              </SequencePoints>
              <BranchPoints>
                <BranchPoint vc="116" uspid="14" ordinal="0" offset="1" sl="18" path="0" offsetend="3" fileid="2" />
                <BranchPoint vc="0" uspid="15" ordinal="1" offset="1" sl="18" path="1" offsetend="16" fileid="2" />
                <BranchPoint vc="6" uspid="16" ordinal="2" offset="14" sl="18" path="0" offsetend="16" fileid="2" />
                <BranchPoint vc="110" uspid="17" ordinal="3" offset="14" sl="18" path="1" offsetend="22" fileid="2" />
              </BranchPoints>
              <MethodPoint xsi:type="SequencePoint" vc="116" uspid="87" ordinal="0" offset="0" sl="18" sc="5" el="18" ec="31" bec="4" bev="0" fileid="2" />
            </Method>
            <Method visited="false" cyclomaticComplexity="1" nPathComplexity="0" sequenceCoverage="0" branchCoverage="0" isConstructor="false" isStatic="true" isGetter="false" isSetter="false" crapScore="0">
              <Summary numSequencePoints="1" visitedSequencePoints="0" numBranchPoints="1" visitedBranchPoints="0" sequenceCoverage="0" branchCoverage="0" maxCyclomaticComplexity="1" minCyclomaticComplexity="1" visitedClasses="0" numClasses="0" visitedMethods="0" numMethods="1" minCrapScore="0" maxCrapScore="0" />
              <MetadataToken>100663392</MetadataToken>
              <Name>System.Xml.Linq.XAttribute BinaryDefense.Junit.Expecto.TestLogger.Xml.XmlBuilder::xAttr(System.String,System.String)</Name>
              <FileRef uid="2" />
              <SequencePoints>
                <SequencePoint vc="0" uspid="88" ordinal="0" offset="0" sl="32" sc="52" el="32" ec="99" bec="0" bev="0" fileid="2" />
              </SequencePoints>
              <BranchPoints />
              <MethodPoint xsi:type="SequencePoint" vc="0" uspid="88" ordinal="0" offset="0" sl="32" sc="52" el="32" ec="99" bec="0" bev="0" fileid="2" />
            </Method>
            <Method visited="false" cyclomaticComplexity="2" nPathComplexity="2" sequenceCoverage="0" branchCoverage="0" isConstructor="false" isStatic="true" isGetter="false" isSetter="false" crapScore="0">
              <Summary numSequencePoints="3" visitedSequencePoints="0" numBranchPoints="3" visitedBranchPoints="0" sequenceCoverage="0" branchCoverage="0" maxCyclomaticComplexity="2" minCyclomaticComplexity="2" visitedClasses="0" numClasses="0" visitedMethods="0" numMethods="1" minCrapScore="0" maxCrapScore="0" />
              <MetadataToken>100663393</MetadataToken>
              <Name>System.Xml.Linq.XObject[] BinaryDefense.Junit.Expecto.TestLogger.Xml.XmlBuilder::xAttrMaybe(System.String,System.String)</Name>
              <FileRef uid="2" />
              <SequencePoints>
                <SequencePoint vc="0" uspid="91" ordinal="0" offset="0" sl="36" sc="5" el="36" ec="21" bec="2" bev="0" fileid="2" />
                <SequencePoint vc="0" uspid="90" ordinal="1" offset="3" sl="39" sc="7" el="41" ec="9" bec="0" bev="0" fileid="2" />
                <SequencePoint vc="0" uspid="89" ordinal="2" offset="34" sl="37" sc="7" el="37" ec="11" bec="0" bev="0" fileid="2" />
              </SequencePoints>
              <BranchPoints>
                <BranchPoint vc="0" uspid="18" ordinal="0" offset="1" sl="36" path="0" offsetend="3" fileid="2" />
                <BranchPoint vc="0" uspid="19" ordinal="1" offset="1" sl="36" path="1" offsetend="34" fileid="2" />
              </BranchPoints>
              <MethodPoint xsi:type="SequencePoint" vc="0" uspid="91" ordinal="0" offset="0" sl="36" sc="5" el="36" ec="21" bec="2" bev="0" fileid="2" />
            </Method>
            <Method visited="false" cyclomaticComplexity="2" nPathComplexity="2" sequenceCoverage="0" branchCoverage="0" isConstructor="false" isStatic="true" isGetter="false" isSetter="false" crapScore="0">
              <Summary numSequencePoints="4" visitedSequencePoints="0" numBranchPoints="3" visitedBranchPoints="0" sequenceCoverage="0" branchCoverage="0" maxCyclomaticComplexity="2" minCyclomaticComplexity="2" visitedClasses="0" numClasses="0" visitedMethods="0" numMethods="1" minCrapScore="0" maxCrapScore="0" />
              <MetadataToken>100663394</MetadataToken>
              <Name>System.Xml.Linq.XObject BinaryDefense.Junit.Expecto.TestLogger.Xml.XmlBuilder::xProperty(System.String,System.String)</Name>
              <FileRef uid="2" />
              <SequencePoints>
                <SequencePoint vc="0" uspid="95" ordinal="0" offset="0" sl="44" sc="18" el="44" ec="38" bec="2" bev="0" fileid="2" />
                <SequencePoint vc="0" uspid="94" ordinal="1" offset="3" sl="44" sc="55" el="44" ec="60" bec="0" bev="0" fileid="2" />
                <SequencePoint vc="0" uspid="93" ordinal="2" offset="7" sl="44" sc="39" el="44" ec="49" bec="0" bev="0" fileid="2" />
                <SequencePoint vc="0" uspid="92" ordinal="3" offset="14" sl="45" sc="5" el="51" ec="17" bec="0" bev="0" fileid="2" />
              </SequencePoints>
              <BranchPoints>
                <BranchPoint vc="0" uspid="20" ordinal="0" offset="1" sl="44" path="0" offsetend="3" fileid="2" />
                <BranchPoint vc="0" uspid="21" ordinal="1" offset="1" sl="44" path="1" offsetend="7" fileid="2" />
              </BranchPoints>
              <MethodPoint xsi:type="SequencePoint" vc="0" uspid="95" ordinal="0" offset="0" sl="44" sc="18" el="44" ec="38" bec="2" bev="0" fileid="2" />
            </Method>
            <Method visited="true" cyclomaticComplexity="1" nPathComplexity="0" sequenceCoverage="100" branchCoverage="0" isConstructor="false" isStatic="true" isGetter="false" isSetter="false" crapScore="1">
              <Summary numSequencePoints="1" visitedSequencePoints="1" numBranchPoints="1" visitedBranchPoints="0" sequenceCoverage="100" branchCoverage="0" maxCyclomaticComplexity="1" minCyclomaticComplexity="1" visitedClasses="0" numClasses="0" visitedMethods="1" numMethods="1" minCrapScore="1" maxCrapScore="1" />
              <MetadataToken>100663395</MetadataToken>
              <Name>System.Collections.Generic.IEnumerable`1&lt;System.Xml.Linq.XObject&gt; BinaryDefense.Junit.Expecto.TestLogger.Xml.XmlBuilder::writeParameterProperties(Microsoft.FSharp.Collections.FSharpMap`2&lt;System.String,System.String&gt;)</Name>
              <FileRef uid="2" />
              <SequencePoints>
                <SequencePoint vc="3" uspid="96" ordinal="0" offset="0" sl="56" sc="8" el="56" ec="15" bec="0" bev="0" fileid="2" />
              </SequencePoints>
              <BranchPoints />
              <MethodPoint xsi:type="SequencePoint" vc="3" uspid="96" ordinal="0" offset="0" sl="56" sc="8" el="56" ec="15" bec="0" bev="0" fileid="2" />
            </Method>
            <Method visited="true" cyclomaticComplexity="1" nPathComplexity="0" sequenceCoverage="100" branchCoverage="0" isConstructor="false" isStatic="true" isGetter="false" isSetter="false" crapScore="1">
              <Summary numSequencePoints="1" visitedSequencePoints="1" numBranchPoints="1" visitedBranchPoints="0" sequenceCoverage="100" branchCoverage="0" maxCyclomaticComplexity="1" minCyclomaticComplexity="1" visitedClasses="0" numClasses="0" visitedMethods="1" numMethods="1" minCrapScore="1" maxCrapScore="1" />
              <MetadataToken>100663396</MetadataToken>
              <Name>System.Xml.Linq.XElement BinaryDefense.Junit.Expecto.TestLogger.Xml.XmlBuilder::buildProperties(Microsoft.FSharp.Collections.FSharpMap`2&lt;System.String,System.String&gt;)</Name>
              <FileRef uid="2" />
              <SequencePoints>
                <SequencePoint vc="3" uspid="97" ordinal="0" offset="0" sl="59" sc="5" el="70" ec="6" bec="0" bev="0" fileid="2" />
              </SequencePoints>
              <BranchPoints />
              <MethodPoint xsi:type="SequencePoint" vc="3" uspid="97" ordinal="0" offset="0" sl="59" sc="5" el="70" ec="6" bec="0" bev="0" fileid="2" />
            </Method>
            <Method visited="true" cyclomaticComplexity="6" nPathComplexity="4" sequenceCoverage="100" branchCoverage="100" isConstructor="false" isStatic="true" isGetter="false" isSetter="false" crapScore="6">
              <Summary numSequencePoints="10" visitedSequencePoints="10" numBranchPoints="5" visitedBranchPoints="5" sequenceCoverage="100" branchCoverage="100" maxCyclomaticComplexity="6" minCyclomaticComplexity="6" visitedClasses="0" numClasses="0" visitedMethods="1" numMethods="1" minCrapScore="6" maxCrapScore="6" />
              <MetadataToken>100663397</MetadataToken>
              <Name>System.Xml.Linq.XElement BinaryDefense.Junit.Expecto.TestLogger.Xml.XmlBuilder::buildTestCase(BinaryDefense.Junit.Expecto.TestLogger.TestReportBuilder/TestReport)</Name>
              <FileRef uid="2" />
              <SequencePoints>
                <SequencePoint vc="14" uspid="107" ordinal="0" offset="0" sl="79" sc="7" el="79" ec="34" bec="4" bev="4" fileid="2" />
                <SequencePoint vc="7" uspid="106" ordinal="1" offset="34" sl="80" sc="19" el="80" ec="23" bec="0" bev="0" fileid="2" />
                <SequencePoint vc="4" uspid="105" ordinal="2" offset="46" sl="79" sc="7" el="79" ec="34" bec="0" bev="0" fileid="2" />
                <SequencePoint vc="4" uspid="104" ordinal="3" offset="68" sl="82" sc="11" el="82" ec="52" bec="0" bev="0" fileid="2" />
                <SequencePoint vc="4" uspid="103" ordinal="4" offset="88" sl="83" sc="11" el="83" ec="56" bec="0" bev="0" fileid="2" />
                <SequencePoint vc="4" uspid="102" ordinal="5" offset="110" sl="84" sc="11" el="92" ec="13" bec="0" bev="0" fileid="2" />
                <SequencePoint vc="2" uspid="101" ordinal="6" offset="259" sl="79" sc="7" el="79" ec="34" bec="0" bev="0" fileid="2" />
                <SequencePoint vc="2" uspid="100" ordinal="7" offset="275" sl="93" sc="24" el="99" ec="11" bec="0" bev="0" fileid="2" />
                <SequencePoint vc="1" uspid="99" ordinal="8" offset="340" sl="100" sc="22" el="106" ec="11" bec="0" bev="0" fileid="2" />
                <SequencePoint vc="14" uspid="98" ordinal="9" offset="408" sl="107" sc="5" el="113" ec="10" bec="0" bev="0" fileid="2" />
              </SequencePoints>
              <BranchPoints>
                <BranchPoint vc="7" uspid="22" ordinal="0" offset="13" sl="79" path="0" offsetend="34" fileid="2" />
                <BranchPoint vc="4" uspid="23" ordinal="1" offset="13" sl="79" path="1" offsetend="46" fileid="2" />
                <BranchPoint vc="2" uspid="24" ordinal="2" offset="13" sl="79" path="2" offsetend="259" fileid="2" />
                <BranchPoint vc="1" uspid="25" ordinal="3" offset="13" sl="79" path="3" offsetend="340" fileid="2" />
              </BranchPoints>
              <MethodPoint xsi:type="SequencePoint" vc="14" uspid="107" ordinal="0" offset="0" sl="79" sc="7" el="79" ec="34" bec="4" bev="0" fileid="2" />
            </Method>
            <Method visited="true" cyclomaticComplexity="1" nPathComplexity="0" sequenceCoverage="100" branchCoverage="0" isConstructor="false" isStatic="true" isGetter="false" isSetter="false" crapScore="1">
              <Summary numSequencePoints="1" visitedSequencePoints="1" numBranchPoints="1" visitedBranchPoints="0" sequenceCoverage="100" branchCoverage="0" maxCyclomaticComplexity="1" minCyclomaticComplexity="1" visitedClasses="0" numClasses="0" visitedMethods="1" numMethods="1" minCrapScore="1" maxCrapScore="1" />
              <MetadataToken>100663398</MetadataToken>
              <Name>System.Xml.Linq.XElement BinaryDefense.Junit.Expecto.TestLogger.Xml.XmlBuilder::buildSuite(BinaryDefense.Junit.Expecto.TestLogger.Parameters,BinaryDefense.Junit.Expecto.TestLogger.TestReportBuilder/TestReport[])</Name>
              <FileRef uid="2" />
              <SequencePoints>
                <SequencePoint vc="3" uspid="108" ordinal="0" offset="0" sl="116" sc="5" el="130" ec="10" bec="0" bev="0" fileid="2" />
              </SequencePoints>
              <BranchPoints />
              <MethodPoint xsi:type="SequencePoint" vc="3" uspid="108" ordinal="0" offset="0" sl="116" sc="5" el="130" ec="10" bec="0" bev="0" fileid="2" />
            </Method>
            <Method visited="true" cyclomaticComplexity="1" nPathComplexity="0" sequenceCoverage="100" branchCoverage="0" isConstructor="false" isStatic="true" isGetter="false" isSetter="false" crapScore="1">
              <Summary numSequencePoints="3" visitedSequencePoints="3" numBranchPoints="1" visitedBranchPoints="0" sequenceCoverage="100" branchCoverage="0" maxCyclomaticComplexity="1" minCyclomaticComplexity="1" visitedClasses="0" numClasses="0" visitedMethods="1" numMethods="1" minCrapScore="1" maxCrapScore="1" />
              <MetadataToken>100663399</MetadataToken>
              <Name>System.Xml.Linq.XDocument BinaryDefense.Junit.Expecto.TestLogger.Xml.XmlBuilder::buildDocument(BinaryDefense.Junit.Expecto.TestLogger.Parameters,System.Xml.Linq.XElement)</Name>
              <FileRef uid="2" />
              <SequencePoints>
                <SequencePoint vc="1" uspid="111" ordinal="0" offset="0" sl="133" sc="5" el="133" ec="64" bec="0" bev="0" fileid="2" />
                <SequencePoint vc="1" uspid="110" ordinal="1" offset="12" sl="134" sc="5" el="144" ec="8" bec="0" bev="0" fileid="2" />
                <SequencePoint vc="1" uspid="109" ordinal="2" offset="78" sl="145" sc="15" el="145" ec="36" bec="0" bev="0" fileid="2" />
              </SequencePoints>
              <BranchPoints />
              <MethodPoint xsi:type="SequencePoint" vc="1" uspid="111" ordinal="0" offset="0" sl="133" sc="5" el="133" ec="64" bec="0" bev="0" fileid="2" />
            </Method>
          </Methods>
        </Class>
        <Class>
          <Summary numSequencePoints="3" visitedSequencePoints="3" numBranchPoints="3" visitedBranchPoints="3" sequenceCoverage="100" branchCoverage="100" maxCyclomaticComplexity="2" minCyclomaticComplexity="1" visitedClasses="1" numClasses="1" visitedMethods="1" numMethods="1" minCrapScore="2" maxCrapScore="2" />
          <FullName>BinaryDefense.Junit.Expecto.TestLogger.Xml.XmlBuilder/purgeString@23</FullName>
          <Methods>
            <Method visited="true" cyclomaticComplexity="2" nPathComplexity="2" sequenceCoverage="100" branchCoverage="100" isConstructor="false" isStatic="false" isGetter="false" isSetter="false" crapScore="2">
              <Summary numSequencePoints="3" visitedSequencePoints="3" numBranchPoints="3" visitedBranchPoints="3" sequenceCoverage="100" branchCoverage="100" maxCyclomaticComplexity="2" minCyclomaticComplexity="2" visitedClasses="0" numClasses="0" visitedMethods="1" numMethods="1" minCrapScore="2" maxCrapScore="2" />
              <MetadataToken>100663401</MetadataToken>
              <Name>Microsoft.FSharp.Core.Unit BinaryDefense.Junit.Expecto.TestLogger.Xml.XmlBuilder/purgeString@23::Invoke(System.Char)</Name>
              <FileRef uid="2" />
              <SequencePoints>
                <SequencePoint vc="1334" uspid="114" ordinal="0" offset="0" sl="25" sc="9" el="25" ec="39" bec="2" bev="2" fileid="2" />
                <SequencePoint vc="1326" uspid="113" ordinal="1" offset="8" sl="26" sc="11" el="26" ec="32" bec="0" bev="0" fileid="2" />
                <SequencePoint vc="8" uspid="112" ordinal="2" offset="23" sl="28" sc="11" el="28" ec="13" bec="0" bev="0" fileid="2" />
              </SequencePoints>
              <BranchPoints>
                <BranchPoint vc="1326" uspid="26" ordinal="0" offset="6" sl="25" path="0" offsetend="8" fileid="2" />
                <BranchPoint vc="8" uspid="27" ordinal="1" offset="6" sl="25" path="1" offsetend="23" fileid="2" />
              </BranchPoints>
              <MethodPoint xsi:type="SequencePoint" vc="1334" uspid="114" ordinal="0" offset="0" sl="25" sc="9" el="25" ec="39" bec="2" bev="0" fileid="2" />
            </Method>
          </Methods>
        </Class>
        <Class>
          <Summary numSequencePoints="1" visitedSequencePoints="1" numBranchPoints="1" visitedBranchPoints="0" sequenceCoverage="100" branchCoverage="0" maxCyclomaticComplexity="2" minCyclomaticComplexity="1" visitedClasses="1" numClasses="1" visitedMethods="1" numMethods="1" minCrapScore="2" maxCrapScore="2" />
          <FullName>BinaryDefense.Junit.Expecto.TestLogger.Xml.XmlBuilder/writeParameterProperties@56</FullName>
          <Methods>
            <Method visited="true" cyclomaticComplexity="2" nPathComplexity="0" sequenceCoverage="100" branchCoverage="0" isConstructor="false" isStatic="false" isGetter="false" isSetter="false" crapScore="2">
              <Summary numSequencePoints="1" visitedSequencePoints="1" numBranchPoints="1" visitedBranchPoints="0" sequenceCoverage="100" branchCoverage="0" maxCyclomaticComplexity="2" minCyclomaticComplexity="2" visitedClasses="0" numClasses="0" visitedMethods="1" numMethods="1" minCrapScore="2" maxCrapScore="2" />
              <MetadataToken>100663403</MetadataToken>
              <Name>System.Xml.Linq.XObject BinaryDefense.Junit.Expecto.TestLogger.Xml.XmlBuilder/writeParameterProperties@56::Invoke(System.Tuple`2&lt;System.String,System.String&gt;)</Name>
              <FileRef uid="2" />
              <SequencePoints>
                <SequencePoint vc="2" uspid="115" ordinal="0" offset="14" sl="56" sc="31" el="56" ec="40" bec="0" bev="0" fileid="2" />
              </SequencePoints>
              <BranchPoints />
              <MethodPoint xsi:type="SequencePoint" vc="2" uspid="115" ordinal="0" offset="14" sl="56" sc="31" el="56" ec="40" bec="0" bev="0" fileid="2" />
            </Method>
          </Methods>
        </Class>
        <Class>
          <Summary numSequencePoints="8" visitedSequencePoints="8" numBranchPoints="1" visitedBranchPoints="0" sequenceCoverage="100" branchCoverage="0" maxCyclomaticComplexity="17" minCyclomaticComplexity="1" visitedClasses="1" numClasses="1" visitedMethods="1" numMethods="1" minCrapScore="17" maxCrapScore="17" />
          <FullName>BinaryDefense.Junit.Expecto.TestLogger.Xml.XmlBuilder/buildProperties@61</FullName>
          <Methods>
            <Method visited="false" cyclomaticComplexity="1" nPathComplexity="0" sequenceCoverage="0" branchCoverage="0" isConstructor="true" isStatic="false" isGetter="false" isSetter="false" crapScore="0">
              <Summary numSequencePoints="0" visitedSequencePoints="0" numBranchPoints="0" visitedBranchPoints="0" sequenceCoverage="0" branchCoverage="0" maxCyclomaticComplexity="1" minCyclomaticComplexity="1" visitedClasses="0" numClasses="0" visitedMethods="0" numMethods="0" minCrapScore="0" maxCrapScore="0" />
              <MetadataToken>100663404</MetadataToken>
              <Name>System.Void BinaryDefense.Junit.Expecto.TestLogger.Xml.XmlBuilder/buildProperties@61::.ctor(Microsoft.FSharp.Collections.FSharpMap`2&lt;System.String,System.String&gt;,System.Int32,System.Xml.Linq.XObject)</Name>
              <SequencePoints />
              <BranchPoints />
              <MethodPoint vc="6" uspid="100663404" ordinal="0" offset="0" />
            </Method>
            <Method visited="true" cyclomaticComplexity="17" nPathComplexity="0" sequenceCoverage="100" branchCoverage="0" isConstructor="false" isStatic="false" isGetter="false" isSetter="false" crapScore="17">
              <Summary numSequencePoints="8" visitedSequencePoints="8" numBranchPoints="1" visitedBranchPoints="0" sequenceCoverage="100" branchCoverage="0" maxCyclomaticComplexity="17" minCyclomaticComplexity="17" visitedClasses="0" numClasses="0" visitedMethods="1" numMethods="1" minCrapScore="17" maxCrapScore="17" />
              <MetadataToken>100663405</MetadataToken>
              <Name>System.Int32 BinaryDefense.Junit.Expecto.TestLogger.Xml.XmlBuilder/buildProperties@61::GenerateNext(System.Collections.Generic.IEnumerable`1&lt;System.Xml.Linq.XObject&gt;&amp;)</Name>
              <FileRef uid="2" />
              <SequencePoints>
                <SequencePoint vc="3" uspid="123" ordinal="0" offset="113" sl="61" sc="9" el="61" ec="71" bec="0" bev="0" fileid="2" />
                <SequencePoint vc="3" uspid="122" ordinal="1" offset="234" sl="62" sc="9" el="62" ec="73" bec="0" bev="0" fileid="2" />
                <SequencePoint vc="3" uspid="121" ordinal="2" offset="355" sl="63" sc="9" el="63" ec="79" bec="0" bev="0" fileid="2" />
                <SequencePoint vc="3" uspid="120" ordinal="3" offset="490" sl="64" sc="9" el="64" ec="59" bec="0" bev="0" fileid="2" />
                <SequencePoint vc="3" uspid="119" ordinal="4" offset="606" sl="65" sc="9" el="65" ec="63" bec="0" bev="0" fileid="2" />
                <SequencePoint vc="3" uspid="118" ordinal="5" offset="722" sl="66" sc="9" el="66" ec="52" bec="0" bev="0" fileid="2" />
                <SequencePoint vc="3" uspid="117" ordinal="6" offset="838" sl="67" sc="9" el="67" ec="65" bec="0" bev="0" fileid="2" />
                <SequencePoint vc="3" uspid="116" ordinal="7" offset="954" sl="68" sc="16" el="68" ec="40" bec="0" bev="0" fileid="2" />
              </SequencePoints>
              <BranchPoints />
              <MethodPoint xsi:type="SequencePoint" vc="3" uspid="123" ordinal="0" offset="113" sl="61" sc="9" el="61" ec="71" bec="0" bev="0" fileid="2" />
            </Method>
            <Method visited="false" cyclomaticComplexity="1" nPathComplexity="0" sequenceCoverage="0" branchCoverage="0" isConstructor="false" isStatic="false" isGetter="false" isSetter="false" crapScore="0">
              <Summary numSequencePoints="0" visitedSequencePoints="0" numBranchPoints="0" visitedBranchPoints="0" sequenceCoverage="0" branchCoverage="0" maxCyclomaticComplexity="1" minCyclomaticComplexity="1" visitedClasses="0" numClasses="0" visitedMethods="0" numMethods="0" minCrapScore="0" maxCrapScore="0" />
              <MetadataToken>100663406</MetadataToken>
              <Name>System.Void BinaryDefense.Junit.Expecto.TestLogger.Xml.XmlBuilder/buildProperties@61::Close()</Name>
              <SequencePoints />
              <BranchPoints />
              <MethodPoint vc="3" uspid="100663406" ordinal="0" offset="0" />
            </Method>
            <Method visited="false" cyclomaticComplexity="11" nPathComplexity="0" sequenceCoverage="0" branchCoverage="0" isConstructor="false" isStatic="false" isGetter="false" isSetter="false" crapScore="0">
              <Summary numSequencePoints="0" visitedSequencePoints="0" numBranchPoints="0" visitedBranchPoints="0" sequenceCoverage="0" branchCoverage="0" maxCyclomaticComplexity="11" minCyclomaticComplexity="11" visitedClasses="0" numClasses="0" visitedMethods="0" numMethods="0" minCrapScore="0" maxCrapScore="0" />
              <MetadataToken>100663407</MetadataToken>
              <Name>System.Boolean BinaryDefense.Junit.Expecto.TestLogger.Xml.XmlBuilder/buildProperties@61::get_CheckClose()</Name>
              <SequencePoints />
              <BranchPoints />
              <MethodPoint vc="0" uspid="100663407" ordinal="0" offset="0" />
            </Method>
          </Methods>
        </Class>
        <Class>
          <Summary numSequencePoints="11" visitedSequencePoints="10" numBranchPoints="6" visitedBranchPoints="5" sequenceCoverage="90.91" branchCoverage="83.33" maxCyclomaticComplexity="12" minCyclomaticComplexity="1" visitedClasses="1" numClasses="1" visitedMethods="1" numMethods="2" minCrapScore="12" maxCrapScore="12" />
          <FullName>BinaryDefense.Junit.Expecto.TestLogger.Xml.XmlBuilder/buildTestCase@109</FullName>
          <Methods>
            <Method visited="false" cyclomaticComplexity="1" nPathComplexity="0" sequenceCoverage="0" branchCoverage="0" isConstructor="true" isStatic="false" isGetter="false" isSetter="false" crapScore="0">
[...]
            </Method>
            <Method visited="true" cyclomaticComplexity="4" nPathComplexity="0" sequenceCoverage="100" branchCoverage="0" isConstructor="false" isStatic="true" isGetter="false" isSetter="false" crapScore="4">
              <Summary numSequencePoints="3" visitedSequencePoints="3" numBranchPoints="1" visitedBranchPoints="0" sequenceCoverage="100" branchCoverage="0" maxCyclomaticComplexity="4" minCyclomaticComplexity="4" visitedClasses="0" numClasses="0" visitedMethods="1" numMethods="1" minCrapScore="4" maxCrapScore="4" />
              <MetadataToken>100663431</MetadataToken>
              <Name>BinaryDefense.Junit.Expecto.TestLogger.TestReportBuilder/TestReport BinaryDefense.Junit.Expecto.TestLogger.TestReportBuilder::buildTestReport(BinaryDefense.Junit.Expecto.TestLogger.Parameters,Microsoft.VisualStudio.TestPlatform.ObjectModel.TestResult)</Name>
              <FileRef uid="3" />
              <SequencePoints>
                <SequencePoint vc="1" uspid="169" ordinal="0" offset="0" sl="76" sc="5" el="76" ec="40" bec="0" bev="0" fileid="3" />
                <SequencePoint vc="1" uspid="168" ordinal="1" offset="7" sl="77" sc="5" el="77" ec="128" bec="0" bev="0" fileid="3" />
                <SequencePoint vc="1" uspid="167" ordinal="2" offset="50" sl="78" sc="5" el="85" ec="6" bec="0" bev="0" fileid="3" />
              </SequencePoints>
              <BranchPoints />
              <MethodPoint xsi:type="SequencePoint" vc="1" uspid="169" ordinal="0" offset="0" sl="76" sc="5" el="76" ec="40" bec="0" bev="0" fileid="3" />
            </Method>
          </Methods>
        </Class>
        <Class>
          <Summary numSequencePoints="0" visitedSequencePoints="0" numBranchPoints="0" visitedBranchPoints="0" sequenceCoverage="0" branchCoverage="0" maxCyclomaticComplexity="0" minCyclomaticComplexity="0" visitedClasses="0" numClasses="0" visitedMethods="0" numMethods="0" minCrapScore="0" maxCrapScore="0" />
          <FullName>BinaryDefense.Junit.Expecto.TestLogger.TestReportBuilder/TestOutcome</FullName>
          <Methods />
        </Class>
        <Class>
          <Summary numSequencePoints="0" visitedSequencePoints="0" numBranchPoints="0" visitedBranchPoints="0" sequenceCoverage="0" branchCoverage="0" maxCyclomaticComplexity="0" minCyclomaticComplexity="0" visitedClasses="0" numClasses="0" visitedMethods="0" numMethods="0" minCrapScore="0" maxCrapScore="0" />
          <FullName>BinaryDefense.Junit.Expecto.TestLogger.TestReportBuilder/TestOutcome/Tags</FullName>
          <Methods />
        </Class>
        <Class>
          <Summary numSequencePoints="0" visitedSequencePoints="0" numBranchPoints="0" visitedBranchPoints="0" sequenceCoverage="0" branchCoverage="0" maxCyclomaticComplexity="0" minCyclomaticComplexity="0" visitedClasses="0" numClasses="0" visitedMethods="0" numMethods="0" minCrapScore="0" maxCrapScore="0" />
          <FullName>BinaryDefense.Junit.Expecto.TestLogger.TestReportBuilder/TestOutcome/Failed</FullName>
          <Methods />
        </Class>
        <Class>
          <Summary numSequencePoints="0" visitedSequencePoints="0" numBranchPoints="0" visitedBranchPoints="0" sequenceCoverage="0" branchCoverage="0" maxCyclomaticComplexity="0" minCyclomaticComplexity="0" visitedClasses="0" numClasses="0" visitedMethods="0" numMethods="0" minCrapScore="0" maxCrapScore="0" />
          <FullName>BinaryDefense.Junit.Expecto.TestLogger.TestReportBuilder/TestOutcome/Skipped</FullName>
          <Methods />
        </Class>
        <Class>
          <Summary numSequencePoints="0" visitedSequencePoints="0" numBranchPoints="0" visitedBranchPoints="0" sequenceCoverage="0" branchCoverage="0" maxCyclomaticComplexity="0" minCyclomaticComplexity="0" visitedClasses="0" numClasses="0" visitedMethods="0" numMethods="0" minCrapScore="0" maxCrapScore="0" />
          <FullName>BinaryDefense.Junit.Expecto.TestLogger.TestReportBuilder/TestOutcome/Failed@DebugTypeProxy</FullName>
          <Methods />
        </Class>
        <Class>
          <Summary numSequencePoints="0" visitedSequencePoints="0" numBranchPoints="0" visitedBranchPoints="0" sequenceCoverage="0" branchCoverage="0" maxCyclomaticComplexity="0" minCyclomaticComplexity="0" visitedClasses="0" numClasses="0" visitedMethods="0" numMethods="0" minCrapScore="0" maxCrapScore="0" />
          <FullName>BinaryDefense.Junit.Expecto.TestLogger.TestReportBuilder/TestOutcome/Skipped@DebugTypeProxy</FullName>
          <Methods />
        </Class>
        <Class>
          <Summary numSequencePoints="1" visitedSequencePoints="0" numBranchPoints="1" visitedBranchPoints="0" sequenceCoverage="0" branchCoverage="0" maxCyclomaticComplexity="1" minCyclomaticComplexity="1" visitedClasses="0" numClasses="1" visitedMethods="0" numMethods="1" minCrapScore="0" maxCrapScore="0" />
          <FullName>BinaryDefense.Junit.Expecto.TestLogger.TestReportBuilder/TestReport</FullName>
          <Methods>
            <Method visited="false" cyclomaticComplexity="1" nPathComplexity="0" sequenceCoverage="0" branchCoverage="0" isConstructor="false" isStatic="true" isGetter="false" isSetter="false" crapScore="0">
              <Summary numSequencePoints="1" visitedSequencePoints="0" numBranchPoints="1" visitedBranchPoints="0" sequenceCoverage="0" branchCoverage="0" maxCyclomaticComplexity="1" minCyclomaticComplexity="1" visitedClasses="0" numClasses="0" visitedMethods="0" numMethods="1" minCrapScore="0" maxCrapScore="0" />
              <MetadataToken>100663477</MetadataToken>
              <Name>BinaryDefense.Junit.Expecto.TestLogger.TestReportBuilder/TestReport BinaryDefense.Junit.Expecto.TestLogger.TestReportBuilder/TestReport::Empty()</Name>
              <FileRef uid="3" />
              <SequencePoints>
                <SequencePoint vc="0" uspid="170" ordinal="0" offset="0" sl="29" sc="31" el="36" ec="8" bec="0" bev="0" fileid="3" />
              </SequencePoints>
              <BranchPoints />
              <MethodPoint xsi:type="SequencePoint" vc="0" uspid="170" ordinal="0" offset="0" sl="29" sc="31" el="36" ec="8" bec="0" bev="0" fileid="3" />
            </Method>
          </Methods>
        </Class>
        <Class>
          <Summary numSequencePoints="0" visitedSequencePoints="0" numBranchPoints="0" visitedBranchPoints="0" sequenceCoverage="0" branchCoverage="0" maxCyclomaticComplexity="0" minCyclomaticComplexity="0" visitedClasses="0" numClasses="0" visitedMethods="0" numMethods="0" minCrapScore="0" maxCrapScore="0" />
          <FullName>&lt;StartupCode$BinaryDefense-Junit-Expecto-TestLogger&gt;.$TestReporting</FullName>
          <Methods />
        </Class>
        <Class>
          <Summary numSequencePoints="12" visitedSequencePoints="8" numBranchPoints="9" visitedBranchPoints="8" sequenceCoverage="66.67" branchCoverage="88.89" maxCyclomaticComplexity="3" minCyclomaticComplexity="1" visitedClasses="1" numClasses="1" visitedMethods="2" numMethods="3" minCrapScore="2" maxCrapScore="3" />
          <FullName>BinaryDefense.Junit.Expecto.TestLogger.ParametersModule</FullName>
          <Methods>
            <Method visited="true" cyclomaticComplexity="2" nPathComplexity="2" sequenceCoverage="100" branchCoverage="100" isConstructor="false" isStatic="true" isGetter="false" isSetter="false" crapScore="2">
              <Summary numSequencePoints="3" visitedSequencePoints="3" numBranchPoints="3" visitedBranchPoints="3" sequenceCoverage="100" branchCoverage="100" maxCyclomaticComplexity="2" minCyclomaticComplexity="2" visitedClasses="0" numClasses="0" visitedMethods="1" numMethods="1" minCrapScore="2" maxCrapScore="2" />
              <MetadataToken>100663480</MetadataToken>
              <Name>System.String BinaryDefense.Junit.Expecto.TestLogger.ParametersModule::buildFilePath(Microsoft.FSharp.Core.FSharpOption`1&lt;System.String&gt;)</Name>
              <FileRef uid="1" />
              <SequencePoints>
                <SequencePoint vc="7" uspid="173" ordinal="0" offset="0" sl="77" sc="5" el="80" ec="47" bec="2" bev="2" fileid="1" />
                <SequencePoint vc="4" uspid="172" ordinal="1" offset="25" sl="84" sc="15" el="84" ec="75" bec="0" bev="0" fileid="1" />
                <SequencePoint vc="3" uspid="171" ordinal="2" offset="46" sl="83" sc="17" el="83" ec="18" bec="0" bev="0" fileid="1" />
              </SequencePoints>
              <BranchPoints>
                <BranchPoint vc="4" uspid="48" ordinal="0" offset="23" sl="77" path="0" offsetend="25" fileid="1" />
                <BranchPoint vc="3" uspid="49" ordinal="1" offset="23" sl="77" path="1" offsetend="46" fileid="1" />
              </BranchPoints>
              <MethodPoint xsi:type="SequencePoint" vc="7" uspid="173" ordinal="0" offset="0" sl="77" sc="5" el="80" ec="47" bec="2" bev="0" fileid="1" />
            </Method>
            <Method visited="true" cyclomaticComplexity="3" nPathComplexity="4" sequenceCoverage="100" branchCoverage="100" isConstructor="false" isStatic="true" isGetter="false" isSetter="false" crapScore="3">
              <Summary numSequencePoints="5" visitedSequencePoints="5" numBranchPoints="5" visitedBranchPoints="5" sequenceCoverage="100" branchCoverage="100" maxCyclomaticComplexity="3" minCyclomaticComplexity="3" visitedClasses="0" numClasses="0" visitedMethods="1" numMethods="1" minCrapScore="3" maxCrapScore="3" />
              <MetadataToken>100663481</MetadataToken>
              <Name>BinaryDefense.Junit.Expecto.TestLogger.NameFormat BinaryDefense.Junit.Expecto.TestLogger.ParametersModule::getNameFormat(System.String)</Name>
              <FileRef uid="1" />
              <SequencePoints>
                <SequencePoint vc="4" uspid="178" ordinal="0" offset="0" sl="87" sc="5" el="87" ec="36" bec="2" bev="2" fileid="1" />
                <SequencePoint vc="1" uspid="177" ordinal="1" offset="20" sl="88" sc="31" el="88" ec="50" bec="0" bev="0" fileid="1" />
                <SequencePoint vc="3" uspid="176" ordinal="2" offset="26" sl="87" sc="5" el="87" ec="36" bec="2" bev="2" fileid="1" />
                <SequencePoint vc="1" uspid="175" ordinal="3" offset="39" sl="89" sc="31" el="89" ec="50" bec="0" bev="0" fileid="1" />
                <SequencePoint vc="2" uspid="174" ordinal="4" offset="45" sl="90" sc="12" el="90" ec="31" bec="0" bev="0" fileid="1" />
              </SequencePoints>
              <BranchPoints>
                <BranchPoint vc="1" uspid="50" ordinal="0" offset="18" sl="87" path="0" offsetend="20" fileid="1" />
                <BranchPoint vc="3" uspid="51" ordinal="1" offset="18" sl="87" path="1" offsetend="26" fileid="1" />
                <BranchPoint vc="1" uspid="52" ordinal="2" offset="37" sl="87" path="0" offsetend="39" fileid="1" />
                <BranchPoint vc="2" uspid="53" ordinal="3" offset="37" sl="87" path="1" offsetend="45" fileid="1" />
              </BranchPoints>
              <MethodPoint xsi:type="SequencePoint" vc="4" uspid="178" ordinal="0" offset="0" sl="87" sc="5" el="87" ec="36" bec="2" bev="0" fileid="1" />
            </Method>
            <Method visited="false" cyclomaticComplexity="1" nPathComplexity="0" sequenceCoverage="0" branchCoverage="0" isConstructor="false" isStatic="true" isGetter="false" isSetter="false" crapScore="0">
              <Summary numSequencePoints="4" visitedSequencePoints="0" numBranchPoints="1" visitedBranchPoints="0" sequenceCoverage="0" branchCoverage="0" maxCyclomaticComplexity="1" minCyclomaticComplexity="1" visitedClasses="0" numClasses="0" visitedMethods="0" numMethods="1" minCrapScore="0" maxCrapScore="0" />
              <MetadataToken>100663482</MetadataToken>
              <Name>BinaryDefense.Junit.Expecto.TestLogger.Parameters BinaryDefense.Junit.Expecto.TestLogger.ParametersModule::parseParameters(BinaryDefense.Junit.Expecto.TestLogger.Parameters)</Name>
              <FileRef uid="1" />
              <SequencePoints>
                <SequencePoint vc="0" uspid="182" ordinal="0" offset="0" sl="93" sc="5" el="93" ec="81" bec="0" bev="0" fileid="1" />
                <SequencePoint vc="0" uspid="181" ordinal="1" offset="17" sl="94" sc="5" el="94" ec="108" bec="0" bev="0" fileid="1" />
                <SequencePoint vc="0" uspid="180" ordinal="2" offset="44" sl="95" sc="5" el="95" ec="88" bec="0" bev="0" fileid="1" />
                <SequencePoint vc="0" uspid="179" ordinal="3" offset="66" sl="97" sc="5" el="100" ec="6" bec="0" bev="0" fileid="1" />
              </SequencePoints>
              <BranchPoints />
              <MethodPoint xsi:type="SequencePoint" vc="0" uspid="182" ordinal="0" offset="0" sl="93" sc="5" el="93" ec="81" bec="0" bev="0" fileid="1" />
            </Method>
          </Methods>
        </Class>
        <Class>
          <Summary numSequencePoints="1" visitedSequencePoints="1" numBranchPoints="1" visitedBranchPoints="0" sequenceCoverage="100" branchCoverage="0" maxCyclomaticComplexity="1" minCyclomaticComplexity="1" visitedClasses="1" numClasses="1" visitedMethods="1" numMethods="1" minCrapScore="1" maxCrapScore="1" />
          <FullName>BinaryDefense.Junit.Expecto.TestLogger.ParametersModule/filePathOption@80</FullName>
          <Methods>
            <Method visited="true" cyclomaticComplexity="1" nPathComplexity="0" sequenceCoverage="100" branchCoverage="0" isConstructor="false" isStatic="false" isGetter="false" isSetter="false" crapScore="1">
              <Summary numSequencePoints="1" visitedSequencePoints="1" numBranchPoints="1" visitedBranchPoints="0" sequenceCoverage="100" branchCoverage="0" maxCyclomaticComplexity="1" minCyclomaticComplexity="1" visitedClasses="0" numClasses="0" visitedMethods="1" numMethods="1" minCrapScore="1" maxCrapScore="1" />
              <MetadataToken>100663484</MetadataToken>
              <Name>System.String BinaryDefense.Junit.Expecto.TestLogger.ParametersModule/filePathOption@80::Invoke(System.String)</Name>
              <FileRef uid="1" />
              <SequencePoints>
                <SequencePoint vc="3" uspid="183" ordinal="0" offset="0" sl="80" sc="21" el="80" ec="47" bec="0" bev="0" fileid="1" />
              </SequencePoints>
              <BranchPoints />
              <MethodPoint xsi:type="SequencePoint" vc="3" uspid="183" ordinal="0" offset="0" sl="80" sc="21" el="80" ec="47" bec="0" bev="0" fileid="1" />
            </Method>
          </Methods>
        </Class>
        <Class>
          <Summary numSequencePoints="3" visitedSequencePoints="3" numBranchPoints="3" visitedBranchPoints="3" sequenceCoverage="100" branchCoverage="100" maxCyclomaticComplexity="2" minCyclomaticComplexity="1" visitedClasses="1" numClasses="1" visitedMethods="1" numMethods="1" minCrapScore="2" maxCrapScore="2" />
          <FullName>BinaryDefense.Junit.Expecto.TestLogger.ParametersModule/filePathOption@79-1</FullName>
          <Methods>
            <Method visited="true" cyclomaticComplexity="2" nPathComplexity="2" sequenceCoverage="100" branchCoverage="100" isConstructor="false" isStatic="false" isGetter="false" isSetter="false" crapScore="2">
              <Summary numSequencePoints="3" visitedSequencePoints="3" numBranchPoints="3" visitedBranchPoints="3" sequenceCoverage="100" branchCoverage="100" maxCyclomaticComplexity="2" minCyclomaticComplexity="2" visitedClasses="0" numClasses="0" visitedMethods="1" numMethods="1" minCrapScore="2" maxCrapScore="2" />
              <MetadataToken>100663486</MetadataToken>
              <Name>System.String BinaryDefense.Junit.Expecto.TestLogger.ParametersModule/filePathOption@79-1::Invoke(System.String)</Name>
              <FileRef uid="1" />
              <SequencePoints>
                <SequencePoint vc="3" uspid="186" ordinal="0" offset="0" sl="79" sc="31" el="79" ec="65" bec="2" bev="2" fileid="1" />
                <SequencePoint vc="1" uspid="185" ordinal="1" offset="13" sl="79" sc="101" el="79" ec="102" bec="0" bev="0" fileid="1" />
                <SequencePoint vc="2" uspid="184" ordinal="2" offset="15" sl="79" sc="66" el="79" ec="95" bec="0" bev="0" fileid="1" />
              </SequencePoints>
              <BranchPoints>
                <BranchPoint vc="1" uspid="54" ordinal="0" offset="11" sl="79" path="0" offsetend="13" fileid="1" />
                <BranchPoint vc="2" uspid="55" ordinal="1" offset="11" sl="79" path="1" offsetend="15" fileid="1" />
              </BranchPoints>
              <MethodPoint xsi:type="SequencePoint" vc="3" uspid="186" ordinal="0" offset="0" sl="79" sc="31" el="79" ec="65" bec="2" bev="0" fileid="1" />
            </Method>
          </Methods>
        </Class>
        <Class>
          <Summary numSequencePoints="0" visitedSequencePoints="0" numBranchPoints="0" visitedBranchPoints="0" sequenceCoverage="0" branchCoverage="0" maxCyclomaticComplexity="0" minCyclomaticComplexity="0" visitedClasses="0" numClasses="0" visitedMethods="0" numMethods="0" minCrapScore="0" maxCrapScore="0" />
          <FullName>BinaryDefense.Junit.Expecto.TestLogger.Constants</FullName>
          <Methods />
        </Class>
        <Class>
          <Summary numSequencePoints="0" visitedSequencePoints="0" numBranchPoints="0" visitedBranchPoints="0" sequenceCoverage="0" branchCoverage="0" maxCyclomaticComplexity="0" minCyclomaticComplexity="0" visitedClasses="0" numClasses="0" visitedMethods="0" numMethods="0" minCrapScore="0" maxCrapScore="0" />
          <FullName>&lt;StartupCode$BinaryDefense-Junit-Expecto-TestLogger&gt;.$Parameters</FullName>
          <Methods />
        </Class>
        <Class>
          <Summary numSequencePoints="0" visitedSequencePoints="0" numBranchPoints="0" visitedBranchPoints="0" sequenceCoverage="0" branchCoverage="0" maxCyclomaticComplexity="0" minCyclomaticComplexity="0" visitedClasses="0" numClasses="0" visitedMethods="0" numMethods="0" minCrapScore="0" maxCrapScore="0" />
          <FullName>System.AssemblyVersionInformation</FullName>
          <Methods />
        </Class>
        <Class>
          <Summary numSequencePoints="0" visitedSequencePoints="0" numBranchPoints="0" visitedBranchPoints="0" sequenceCoverage="0" branchCoverage="0" maxCyclomaticComplexity="0" minCyclomaticComplexity="0" visitedClasses="0" numClasses="0" visitedMethods="0" numMethods="0" minCrapScore="0" maxCrapScore="0" />
          <FullName>&lt;StartupCode$BinaryDefense-Junit-Expecto-TestLogger&gt;.$AssemblyInfo</FullName>
          <Methods />
        </Class>
        <Class>
          <Summary numSequencePoints="0" visitedSequencePoints="0" numBranchPoints="0" visitedBranchPoints="0" sequenceCoverage="0" branchCoverage="0" maxCyclomaticComplexity="0" minCyclomaticComplexity="0" visitedClasses="0" numClasses="0" visitedMethods="0" numMethods="0" minCrapScore="0" maxCrapScore="0" />
          <FullName>&lt;StartupCode$BinaryDefense-Junit-Expecto-TestLogger&gt;.$BinaryDefense.Junit.Expecto.TestLogger.AssemblyInfo</FullName>
          <Methods />
        </Class>
        <Class>
          <Summary numSequencePoints="0" visitedSequencePoints="0" numBranchPoints="0" visitedBranchPoints="0" sequenceCoverage="0" branchCoverage="0" maxCyclomaticComplexity="0" minCyclomaticComplexity="0" visitedClasses="0" numClasses="0" visitedMethods="0" numMethods="0" minCrapScore="0" maxCrapScore="0" />
          <FullName>&lt;StartupCode$BinaryDefense-Junit-Expecto-TestLogger&gt;.$.NETStandard,Version=v2.1.AssemblyAttributes</FullName>
          <Methods />
        </Class>
      </Classes>
    </Module>
    <Module skippedDueTo="Filter" hash="3E-91-0E-14-13-4C-04-54-DF-C6-73-92-A6-AE-83-E6-48-DD-03-FE">
      <ModulePath>/Users/maxpaige/git/ExpectoJunitTestLogger/tests/BinaryDefense.Junit.Expecto.TestLogger.Tests/bin/Release/netcoreapp3.1/__Saved/BinaryDefense.Junit.Expecto.TestLogger.Tests.dll</ModulePath>
      <ModuleTime>2021-01-08T20:35:07.1288186Z</ModuleTime>
      <ModuleName>BinaryDefense.Junit.Expecto.TestLogger.Tests</ModuleName>
      <Classes />
    </Module>
  </Modules>
</CoverageSession>